<?xml version="1.0" encoding="UTF-8"?>
<coverage generated="1514793402498" clover="3.2.0">
  <project timestamp="1514793402498" name="All files">
    <metrics statements="172" coveredstatements="88" conditionals="109" coveredconditionals="48" methods="46" coveredmethods="27" elements="327" coveredelements="163" complexity="0" loc="172" ncloc="172" packages="3" files="12" classes="12">
      <package name="source">
        <metrics statements="0" coveredstatements="0" conditionals="0" coveredconditionals="0" methods="0" coveredmethods="0"/>
        <file name="classification.js" path="/Users/nagamiya/localrepos/github.com/ngmy/reactbook/whinepad3/js/source/classification.js">
          <metrics statements="0" coveredstatements="0" conditionals="0" coveredconditionals="0" methods="0" coveredmethods="0"/>
        </file>
        <file name="schema.js" path="/Users/nagamiya/localrepos/github.com/ngmy/reactbook/whinepad3/js/source/schema.js">
          <metrics statements="0" coveredstatements="0" conditionals="0" coveredconditionals="0" methods="0" coveredmethods="0"/>
        </file>
      </package>
      <package name="source.components">
        <metrics statements="121" coveredstatements="77" conditionals="88" coveredconditionals="46" methods="42" coveredmethods="26"/>
        <file name="Actions.js" path="/Users/nagamiya/localrepos/github.com/ngmy/reactbook/whinepad3/js/source/components/Actions.js">
          <metrics statements="4" coveredstatements="4" conditionals="0" coveredconditionals="0" methods="2" coveredmethods="1"/>
          <line num="3" count="2" type="stmt"/>
          <line num="4" count="6" type="stmt"/>
          <line num="22" count="2" type="stmt"/>
          <line num="26" count="2" type="stmt"/>
        </file>
        <file name="Button.js" path="/Users/nagamiya/localrepos/github.com/ngmy/reactbook/whinepad3/js/source/components/Button.js">
          <metrics statements="2" coveredstatements="2" conditionals="2" coveredconditionals="2" methods="1" coveredmethods="1"/>
          <line num="11" count="2" type="stmt"/>
          <line num="12" count="4" type="cond" truecount="2" falsecount="0"/>
        </file>
        <file name="Dialog.js" path="/Users/nagamiya/localrepos/github.com/ngmy/reactbook/whinepad3/js/source/components/Dialog.js">
          <metrics statements="6" coveredstatements="6" conditionals="10" coveredconditionals="5" methods="4" coveredmethods="3"/>
          <line num="6" count="1" type="stmt"/>
          <line num="10" count="1" type="cond" truecount="1" falsecount="1"/>
          <line num="11" count="1" type="stmt"/>
          <line num="16" count="1" type="stmt"/>
          <line num="41" count="1" type="stmt"/>
          <line num="49" count="1" type="stmt"/>
        </file>
        <file name="Excel.js" path="/Users/nagamiya/localrepos/github.com/ngmy/reactbook/whinepad3/js/source/components/Excel.js">
          <metrics statements="70" coveredstatements="47" conditionals="44" coveredconditionals="23" methods="18" coveredmethods="12"/>
          <line num="43" count="2" type="stmt"/>
          <line num="44" count="2" type="stmt"/>
          <line num="51" count="2" type="stmt"/>
          <line num="52" count="2" type="stmt"/>
          <line num="53" count="0" type="stmt"/>
          <line num="60" count="0" type="stmt"/>
          <line num="64" count="0" type="cond" truecount="0" falsecount="2"/>
          <line num="65" count="0" type="stmt"/>
          <line num="66" count="0" type="stmt"/>
          <line num="73" count="1" type="stmt"/>
          <line num="74" count="1" type="stmt"/>
          <line num="81" count="1" type="stmt"/>
          <line num="82" count="1" type="stmt"/>
          <line num="83" count="1" type="stmt"/>
          <line num="84" count="1" type="stmt"/>
          <line num="85" count="1" type="stmt"/>
          <line num="86" count="1" type="stmt"/>
          <line num="93" count="1" type="stmt"/>
          <line num="97" count="1" type="cond" truecount="1" falsecount="1"/>
          <line num="98" count="0" type="stmt"/>
          <line num="99" count="0" type="stmt"/>
          <line num="101" count="1" type="cond" truecount="1" falsecount="1"/>
          <line num="102" count="1" type="stmt"/>
          <line num="103" count="1" type="stmt"/>
          <line num="104" count="1" type="stmt"/>
          <line num="105" count="1" type="stmt"/>
          <line num="112" count="0" type="stmt"/>
          <line num="116" count="0" type="cond" truecount="0" falsecount="2"/>
          <line num="117" count="0" type="stmt"/>
          <line num="118" count="0" type="stmt"/>
          <line num="120" count="0" type="cond" truecount="0" falsecount="2"/>
          <line num="121" count="0" type="stmt"/>
          <line num="122" count="0" type="stmt"/>
          <line num="123" count="0" type="stmt"/>
          <line num="124" count="0" type="stmt"/>
          <line num="131" count="6" type="stmt"/>
          <line num="140" count="6" type="cond" truecount="2" falsecount="0"/>
          <line num="141" count="5" type="stmt"/>
          <line num="143" count="1" type="cond" truecount="1" falsecount="3"/>
          <line num="145" count="1" type="stmt"/>
          <line num="147" count="0" type="stmt"/>
          <line num="149" count="0" type="stmt"/>
          <line num="151" count="0" type="stmt"/>
          <line num="156" count="1" type="cond" truecount="1" falsecount="1"/>
          <line num="157" count="1" type="stmt"/>
          <line num="158" count="1" type="stmt"/>
          <line num="159" count="1" type="stmt"/>
          <line num="160" count="1" type="stmt"/>
          <line num="173" count="0" type="cond" truecount="0" falsecount="2"/>
          <line num="174" count="0" type="stmt"/>
          <line num="175" count="0" type="stmt"/>
          <line num="192" count="6" type="stmt"/>
          <line num="197" count="30" type="cond" truecount="2" falsecount="0"/>
          <line num="198" count="6" type="stmt"/>
          <line num="200" count="24" type="stmt"/>
          <line num="201" count="24" type="cond" truecount="1" falsecount="1"/>
          <line num="202" count="0" type="cond" truecount="0" falsecount="2"/>
          <line num="204" count="24" type="stmt"/>
          <line num="219" count="5" type="stmt"/>
          <line num="222" count="25" type="stmt"/>
          <line num="223" count="25" type="cond" truecount="4" falsecount="0"/>
          <line num="224" count="5" type="stmt"/>
          <line num="226" count="20" type="stmt"/>
          <line num="227" count="20" type="stmt"/>
          <line num="228" count="20" type="stmt"/>
          <line num="229" count="20" type="cond" truecount="6" falsecount="0"/>
          <line num="231" count="1" type="stmt"/>
          <line num="237" count="19" type="cond" truecount="2" falsecount="0"/>
          <line num="238" count="5" type="stmt"/>
          <line num="241" count="20" type="stmt"/>
        </file>
        <file name="Form.js" path="/Users/nagamiya/localrepos/github.com/ngmy/reactbook/whinepad3/js/source/components/Form.js">
          <metrics statements="15" coveredstatements="0" conditionals="13" coveredconditionals="0" methods="5" coveredmethods="0"/>
          <line num="21" count="0" type="stmt"/>
          <line num="22" count="0" type="stmt"/>
          <line num="23" count="0" type="cond" truecount="0" falsecount="4"/>
          <line num="24" count="0" type="stmt"/>
          <line num="29" count="0" type="stmt"/>
          <line num="30" count="0" type="stmt"/>
          <line num="31" count="0" type="stmt"/>
          <line num="33" count="0" type="stmt"/>
          <line num="37" count="0" type="stmt"/>
          <line num="39" count="0" type="cond" truecount="0" falsecount="3"/>
          <line num="40" count="0" type="cond" truecount="0" falsecount="2"/>
          <line num="41" count="0" type="stmt"/>
          <line num="48" count="0" type="cond" truecount="0" falsecount="2"/>
          <line num="49" count="0" type="stmt"/>
          <line num="51" count="0" type="stmt"/>
        </file>
        <file name="FormInput.js" path="/Users/nagamiya/localrepos/github.com/ngmy/reactbook/whinepad3/js/source/components/FormInput.js">
          <metrics statements="8" coveredstatements="6" conditionals="9" coveredconditionals="7" methods="2" coveredmethods="2"/>
          <line num="22" count="3" type="cond" truecount="2" falsecount="0"/>
          <line num="28" count="3" type="stmt"/>
          <line num="34" count="3" type="cond" truecount="3" falsecount="2"/>
          <line num="36" count="1" type="stmt"/>
          <line num="43" count="0" type="stmt"/>
          <line num="45" count="1" type="stmt"/>
          <line num="51" count="0" type="stmt"/>
          <line num="53" count="1" type="stmt"/>
        </file>
        <file name="Rating.js" path="/Users/nagamiya/localrepos/github.com/ngmy/reactbook/whinepad3/js/source/components/Rating.js">
          <metrics statements="11" coveredstatements="11" conditionals="10" coveredconditionals="9" methods="7" coveredmethods="7"/>
          <line num="28" count="4" type="stmt"/>
          <line num="29" count="4" type="stmt"/>
          <line num="36" count="2" type="stmt"/>
          <line num="40" count="2" type="stmt"/>
          <line num="44" count="4" type="stmt"/>
          <line num="51" count="1" type="stmt"/>
          <line num="55" count="3" type="stmt"/>
          <line num="59" count="10" type="stmt"/>
          <line num="60" count="10" type="stmt"/>
          <line num="61" count="50" type="stmt"/>
          <line num="71" count="10" type="stmt"/>
        </file>
        <file name="Suggest.js" path="/Users/nagamiya/localrepos/github.com/ngmy/reactbook/whinepad3/js/source/components/Suggest.js">
          <metrics statements="5" coveredstatements="1" conditionals="0" coveredconditionals="0" methods="3" coveredmethods="0"/>
          <line num="5" count="0" type="stmt"/>
          <line num="9" count="0" type="stmt"/>
          <line num="10" count="0" type="stmt"/>
          <line num="19" count="0" type="stmt"/>
          <line num="27" count="2" type="stmt"/>
        </file>
      </package>
      <package name="source.flux">
        <metrics statements="51" coveredstatements="11" conditionals="21" coveredconditionals="2" methods="4" coveredmethods="1"/>
        <file name="CRUDActions.js" path="/Users/nagamiya/localrepos/github.com/ngmy/reactbook/whinepad3/js/source/flux/CRUDActions.js">
          <metrics statements="34" coveredstatements="1" conditionals="10" coveredconditionals="0" methods="3" coveredmethods="0"/>
          <line num="5" count="1" type="stmt"/>
          <line num="9" count="0" type="stmt"/>
          <line num="13" count="0" type="stmt"/>
          <line num="17" count="0" type="stmt"/>
          <line num="18" count="0" type="stmt"/>
          <line num="19" count="0" type="cond" truecount="0" falsecount="2"/>
          <line num="20" count="0" type="stmt"/>
          <line num="21" count="0" type="stmt"/>
          <line num="23" count="0" type="stmt"/>
          <line num="24" count="0" type="stmt"/>
          <line num="25" count="0" type="stmt"/>
          <line num="26" count="0" type="cond" truecount="0" falsecount="2"/>
          <line num="27" count="0" type="stmt"/>
          <line num="30" count="0" type="stmt"/>
          <line num="32" count="0" type="stmt"/>
          <line num="36" count="0" type="stmt"/>
          <line num="37" count="0" type="cond" truecount="0" falsecount="4"/>
          <line num="38" count="0" type="stmt"/>
          <line num="40" count="0" type="stmt"/>
          <line num="42" count="0" type="cond" truecount="0" falsecount="2"/>
          <line num="47" count="0" type="stmt"/>
          <line num="48" count="0" type="stmt"/>
          <line num="53" count="0" type="stmt"/>
          <line num="54" count="0" type="stmt"/>
          <line num="55" count="0" type="stmt"/>
          <line num="59" count="0" type="stmt"/>
          <line num="60" count="0" type="stmt"/>
          <line num="61" count="0" type="stmt"/>
          <line num="65" count="0" type="stmt"/>
          <line num="66" count="0" type="stmt"/>
          <line num="67" count="0" type="stmt"/>
          <line num="71" count="0" type="stmt"/>
          <line num="72" count="0" type="stmt"/>
          <line num="73" count="0" type="stmt"/>
        </file>
        <file name="CRUDStore.js" path="/Users/nagamiya/localrepos/github.com/ngmy/reactbook/whinepad3/js/source/flux/CRUDStore.js">
          <metrics statements="17" coveredstatements="10" conditionals="11" coveredconditionals="2" methods="1" coveredmethods="1"/>
          <line num="7" count="1" type="stmt"/>
          <line num="9" count="1" type="stmt"/>
          <line num="11" count="1" type="stmt"/>
          <line num="12" count="1" type="cond" truecount="1" falsecount="1"/>
          <line num="15" count="1" type="cond" truecount="1" falsecount="1"/>
          <line num="16" count="1" type="stmt"/>
          <line num="17" count="5" type="stmt"/>
          <line num="19" count="0" type="stmt"/>
          <line num="24" count="2" type="stmt"/>
          <line num="28" count="2" type="stmt"/>
          <line num="32" count="0" type="stmt"/>
          <line num="33" count="0" type="cond" truecount="0" falsecount="4"/>
          <line num="34" count="0" type="stmt"/>
          <line num="36" count="0" type="stmt"/>
          <line num="40" count="0" type="stmt"/>
          <line num="44" count="0" type="cond" truecount="0" falsecount="2"/>
          <line num="48" count="2" type="stmt"/>
        </file>
      </package>
    </metrics>
  </project>
</coverage>
