<?xml version="1.0" encoding="UTF-8"?>
<coverage generated="1514648624414" clover="3.2.0">
  <project timestamp="1514648624415" name="All files">
    <metrics statements="126" coveredstatements="79" conditionals="90" coveredconditionals="46" methods="43" coveredmethods="27" elements="259" coveredelements="152" complexity="0" loc="126" ncloc="126" packages="2" files="10" classes="10">
      <package name="source">
        <metrics statements="0" coveredstatements="0" conditionals="0" coveredconditionals="0" methods="0" coveredmethods="0"/>
        <file name="classification.js" path="/Users/nagamiya/localrepos/github.com/ngmy/reactbook/whinepad2/js/source/classification.js">
          <metrics statements="0" coveredstatements="0" conditionals="0" coveredconditionals="0" methods="0" coveredmethods="0"/>
        </file>
        <file name="schema.js" path="/Users/nagamiya/localrepos/github.com/ngmy/reactbook/whinepad2/js/source/schema.js">
          <metrics statements="0" coveredstatements="0" conditionals="0" coveredconditionals="0" methods="0" coveredmethods="0"/>
        </file>
      </package>
      <package name="source.components">
        <metrics statements="126" coveredstatements="79" conditionals="90" coveredconditionals="46" methods="43" coveredmethods="27"/>
        <file name="Actions.js" path="/Users/nagamiya/localrepos/github.com/ngmy/reactbook/whinepad2/js/source/components/Actions.js">
          <metrics statements="4" coveredstatements="4" conditionals="0" coveredconditionals="0" methods="2" coveredmethods="1"/>
          <line num="3" count="2" type="stmt"/>
          <line num="4" count="6" type="stmt"/>
          <line num="22" count="2" type="stmt"/>
          <line num="26" count="2" type="stmt"/>
        </file>
        <file name="Button.js" path="/Users/nagamiya/localrepos/github.com/ngmy/reactbook/whinepad2/js/source/components/Button.js">
          <metrics statements="2" coveredstatements="2" conditionals="2" coveredconditionals="2" methods="1" coveredmethods="1"/>
          <line num="11" count="2" type="stmt"/>
          <line num="12" count="4" type="cond" truecount="2" falsecount="0"/>
        </file>
        <file name="Dialog.js" path="/Users/nagamiya/localrepos/github.com/ngmy/reactbook/whinepad2/js/source/components/Dialog.js">
          <metrics statements="6" coveredstatements="6" conditionals="10" coveredconditionals="5" methods="4" coveredmethods="3"/>
          <line num="6" count="1" type="stmt"/>
          <line num="10" count="1" type="cond" truecount="1" falsecount="1"/>
          <line num="11" count="1" type="stmt"/>
          <line num="16" count="1" type="stmt"/>
          <line num="41" count="1" type="stmt"/>
          <line num="49" count="1" type="stmt"/>
        </file>
        <file name="Excel.js" path="/Users/nagamiya/localrepos/github.com/ngmy/reactbook/whinepad2/js/source/components/Excel.js">
          <metrics statements="79" coveredstatements="49" conditionals="50" coveredconditionals="23" methods="20" coveredmethods="13"/>
          <line num="44" count="2" type="stmt"/>
          <line num="45" count="2" type="stmt"/>
          <line num="55" count="0" type="stmt"/>
          <line num="59" count="2" type="stmt"/>
          <line num="63" count="0" type="stmt"/>
          <line num="64" count="0" type="cond" truecount="0" falsecount="4"/>
          <line num="65" count="0" type="stmt"/>
          <line num="67" count="0" type="stmt"/>
          <line num="69" count="0" type="cond" truecount="0" falsecount="2"/>
          <line num="73" count="0" type="stmt"/>
          <line num="74" count="0" type="cond" truecount="0" falsecount="2"/>
          <line num="75" count="0" type="stmt"/>
          <line num="76" count="0" type="stmt"/>
          <line num="81" count="0" type="stmt"/>
          <line num="85" count="1" type="stmt"/>
          <line num="86" count="1" type="stmt"/>
          <line num="93" count="1" type="stmt"/>
          <line num="94" count="1" type="stmt"/>
          <line num="95" count="1" type="stmt"/>
          <line num="96" count="1" type="stmt"/>
          <line num="97" count="1" type="stmt"/>
          <line num="98" count="1" type="stmt"/>
          <line num="102" count="1" type="stmt"/>
          <line num="106" count="1" type="stmt"/>
          <line num="110" count="1" type="cond" truecount="1" falsecount="1"/>
          <line num="111" count="0" type="stmt"/>
          <line num="112" count="0" type="stmt"/>
          <line num="114" count="1" type="cond" truecount="1" falsecount="1"/>
          <line num="115" count="1" type="stmt"/>
          <line num="116" count="1" type="stmt"/>
          <line num="117" count="1" type="stmt"/>
          <line num="118" count="1" type="stmt"/>
          <line num="122" count="1" type="stmt"/>
          <line num="126" count="0" type="stmt"/>
          <line num="130" count="0" type="cond" truecount="0" falsecount="2"/>
          <line num="131" count="0" type="stmt"/>
          <line num="132" count="0" type="stmt"/>
          <line num="134" count="0" type="cond" truecount="0" falsecount="2"/>
          <line num="135" count="0" type="stmt"/>
          <line num="136" count="0" type="stmt"/>
          <line num="137" count="0" type="stmt"/>
          <line num="138" count="0" type="stmt"/>
          <line num="142" count="0" type="stmt"/>
          <line num="146" count="6" type="stmt"/>
          <line num="155" count="6" type="cond" truecount="2" falsecount="0"/>
          <line num="156" count="5" type="stmt"/>
          <line num="158" count="1" type="cond" truecount="1" falsecount="3"/>
          <line num="160" count="1" type="stmt"/>
          <line num="162" count="0" type="stmt"/>
          <line num="164" count="0" type="stmt"/>
          <line num="166" count="0" type="stmt"/>
          <line num="171" count="1" type="cond" truecount="1" falsecount="1"/>
          <line num="172" count="1" type="stmt"/>
          <line num="173" count="1" type="stmt"/>
          <line num="174" count="1" type="stmt"/>
          <line num="175" count="1" type="stmt"/>
          <line num="188" count="0" type="cond" truecount="0" falsecount="2"/>
          <line num="189" count="0" type="stmt"/>
          <line num="190" count="0" type="stmt"/>
          <line num="208" count="6" type="stmt"/>
          <line num="213" count="30" type="cond" truecount="2" falsecount="0"/>
          <line num="214" count="6" type="stmt"/>
          <line num="216" count="24" type="stmt"/>
          <line num="217" count="24" type="cond" truecount="1" falsecount="1"/>
          <line num="218" count="0" type="cond" truecount="0" falsecount="2"/>
          <line num="220" count="24" type="stmt"/>
          <line num="235" count="5" type="stmt"/>
          <line num="238" count="25" type="stmt"/>
          <line num="239" count="25" type="cond" truecount="4" falsecount="0"/>
          <line num="240" count="5" type="stmt"/>
          <line num="242" count="20" type="stmt"/>
          <line num="243" count="20" type="stmt"/>
          <line num="244" count="20" type="stmt"/>
          <line num="245" count="20" type="cond" truecount="6" falsecount="0"/>
          <line num="247" count="1" type="stmt"/>
          <line num="253" count="19" type="cond" truecount="2" falsecount="0"/>
          <line num="254" count="5" type="stmt"/>
          <line num="257" count="20" type="stmt"/>
          <line num="286" count="1" type="stmt"/>
        </file>
        <file name="Form.js" path="/Users/nagamiya/localrepos/github.com/ngmy/reactbook/whinepad2/js/source/components/Form.js">
          <metrics statements="11" coveredstatements="0" conditionals="9" coveredconditionals="0" methods="4" coveredmethods="0"/>
          <line num="17" count="0" type="stmt"/>
          <line num="18" count="0" type="stmt"/>
          <line num="19" count="0" type="stmt"/>
          <line num="21" count="0" type="stmt"/>
          <line num="25" count="0" type="stmt"/>
          <line num="27" count="0" type="cond" truecount="0" falsecount="3"/>
          <line num="28" count="0" type="cond" truecount="0" falsecount="2"/>
          <line num="29" count="0" type="stmt"/>
          <line num="36" count="0" type="cond" truecount="0" falsecount="2"/>
          <line num="37" count="0" type="stmt"/>
          <line num="39" count="0" type="stmt"/>
        </file>
        <file name="FormInput.js" path="/Users/nagamiya/localrepos/github.com/ngmy/reactbook/whinepad2/js/source/components/FormInput.js">
          <metrics statements="8" coveredstatements="6" conditionals="9" coveredconditionals="7" methods="2" coveredmethods="2"/>
          <line num="22" count="3" type="cond" truecount="2" falsecount="0"/>
          <line num="28" count="3" type="stmt"/>
          <line num="34" count="3" type="cond" truecount="3" falsecount="2"/>
          <line num="36" count="1" type="stmt"/>
          <line num="43" count="0" type="stmt"/>
          <line num="45" count="1" type="stmt"/>
          <line num="51" count="0" type="stmt"/>
          <line num="53" count="1" type="stmt"/>
        </file>
        <file name="Rating.js" path="/Users/nagamiya/localrepos/github.com/ngmy/reactbook/whinepad2/js/source/components/Rating.js">
          <metrics statements="11" coveredstatements="11" conditionals="10" coveredconditionals="9" methods="7" coveredmethods="7"/>
          <line num="28" count="4" type="stmt"/>
          <line num="29" count="4" type="stmt"/>
          <line num="36" count="2" type="stmt"/>
          <line num="40" count="2" type="stmt"/>
          <line num="44" count="4" type="stmt"/>
          <line num="51" count="1" type="stmt"/>
          <line num="55" count="3" type="stmt"/>
          <line num="59" count="10" type="stmt"/>
          <line num="60" count="10" type="stmt"/>
          <line num="61" count="50" type="stmt"/>
          <line num="71" count="10" type="stmt"/>
        </file>
        <file name="Suggest.js" path="/Users/nagamiya/localrepos/github.com/ngmy/reactbook/whinepad2/js/source/components/Suggest.js">
          <metrics statements="5" coveredstatements="1" conditionals="0" coveredconditionals="0" methods="3" coveredmethods="0"/>
          <line num="5" count="0" type="stmt"/>
          <line num="9" count="0" type="stmt"/>
          <line num="10" count="0" type="stmt"/>
          <line num="19" count="0" type="stmt"/>
          <line num="27" count="2" type="stmt"/>
        </file>
      </package>
    </metrics>
  </project>
</coverage>
