{"/Users/nagamiya/localrepos/github.com/ngmy/reactbook/whinepad2/js/source/classification.js": {"path":"/Users/nagamiya/localrepos/github.com/ngmy/reactbook/whinepad2/js/source/classification.js","statementMap":{},"fnMap":{},"branchMap":{},"s":{},"f":{},"b":{},"_coverageSchema":"332fd63041d2c1bcb487cc26dd0d5f7d97098a6c","hash":"c5432075ac948843f7a0b219dc78442d01b560ad"}
,"/Users/nagamiya/localrepos/github.com/ngmy/reactbook/whinepad2/js/source/schema.js": {"path":"/Users/nagamiya/localrepos/github.com/ngmy/reactbook/whinepad2/js/source/schema.js","statementMap":{},"fnMap":{},"branchMap":{},"s":{},"f":{},"b":{},"_coverageSchema":"332fd63041d2c1bcb487cc26dd0d5f7d97098a6c","hash":"90d15b2bd0be68e9fea55c0f48550c85a5985821"}
,"/Users/nagamiya/localrepos/github.com/ngmy/reactbook/whinepad2/js/source/components/Actions.js": {"path":"/Users/nagamiya/localrepos/github.com/ngmy/reactbook/whinepad2/js/source/components/Actions.js","statementMap":{"0":{"start":{"line":3,"column":16},"end":{"line":20,"column":8}},"1":{"start":{"line":4,"column":2},"end":{"line":20,"column":8}},"2":{"start":{"line":22,"column":0},"end":{"line":24,"column":2}},"3":{"start":{"line":26,"column":0},"end":{"line":28,"column":2}}},"fnMap":{"0":{"name":"(anonymous_0)","decl":{"start":{"line":3,"column":16},"end":{"line":3,"column":17}},"loc":{"start":{"line":4,"column":2},"end":{"line":20,"column":8}},"line":4},"1":{"name":"(anonymous_1)","decl":{"start":{"line":27,"column":12},"end":{"line":27,"column":13}},"loc":{"start":{"line":27,"column":18},"end":{"line":27,"column":20}},"line":27}},"branchMap":{},"s":{"0":2,"1":6,"2":2,"3":2},"f":{"0":6,"1":0},"b":{},"_coverageSchema":"332fd63041d2c1bcb487cc26dd0d5f7d97098a6c","hash":"fbe7e2d830c70d82fe888352ceedcabda29bdc64"}
,"/Users/nagamiya/localrepos/github.com/ngmy/reactbook/whinepad2/js/source/components/Button.js": {"path":"/Users/nagamiya/localrepos/github.com/ngmy/reactbook/whinepad2/js/source/components/Button.js","statementMap":{"0":{"start":{"line":11,"column":15},"end":{"line":14,"column":77}},"1":{"start":{"line":12,"column":2},"end":{"line":14,"column":77}}},"fnMap":{"0":{"name":"(anonymous_0)","decl":{"start":{"line":11,"column":15},"end":{"line":11,"column":16}},"loc":{"start":{"line":12,"column":2},"end":{"line":14,"column":77}},"line":12}},"branchMap":{"0":{"loc":{"start":{"line":12,"column":2},"end":{"line":14,"column":77}},"type":"cond-expr","locations":[{"start":{"line":13,"column":6},"end":{"line":13,"column":72}},{"start":{"line":14,"column":6},"end":{"line":14,"column":77}}],"line":12}},"s":{"0":2,"1":4},"f":{"0":4},"b":{"0":[1,3]},"_coverageSchema":"332fd63041d2c1bcb487cc26dd0d5f7d97098a6c","hash":"22308ab04036089f2ff2826bb7671ae84dcefd5c"}
,"/Users/nagamiya/localrepos/github.com/ngmy/reactbook/whinepad2/js/source/components/Dialog.js": {"path":"/Users/nagamiya/localrepos/github.com/ngmy/reactbook/whinepad2/js/source/components/Dialog.js","statementMap":{"0":{"start":{"line":6,"column":4},"end":{"line":6,"column":54}},"1":{"start":{"line":10,"column":4},"end":{"line":12,"column":5}},"2":{"start":{"line":11,"column":6},"end":{"line":11,"column":53}},"3":{"start":{"line":16,"column":4},"end":{"line":37,"column":6}},"4":{"start":{"line":41,"column":0},"end":{"line":47,"column":2}},"5":{"start":{"line":49,"column":0},"end":{"line":54,"column":2}}},"fnMap":{"0":{"name":"(anonymous_0)","decl":{"start":{"line":5,"column":2},"end":{"line":5,"column":3}},"loc":{"start":{"line":5,"column":25},"end":{"line":7,"column":3}},"line":5},"1":{"name":"(anonymous_1)","decl":{"start":{"line":9,"column":2},"end":{"line":9,"column":3}},"loc":{"start":{"line":9,"column":22},"end":{"line":13,"column":3}},"line":9},"2":{"name":"(anonymous_2)","decl":{"start":{"line":15,"column":2},"end":{"line":15,"column":3}},"loc":{"start":{"line":15,"column":11},"end":{"line":38,"column":3}},"line":15},"3":{"name":"(anonymous_3)","decl":{"start":{"line":52,"column":12},"end":{"line":52,"column":13}},"loc":{"start":{"line":52,"column":18},"end":{"line":52,"column":20}},"line":52}},"branchMap":{"0":{"loc":{"start":{"line":10,"column":4},"end":{"line":12,"column":5}},"type":"if","locations":[{"start":{"line":10,"column":4},"end":{"line":12,"column":5}},{"start":{"line":10,"column":4},"end":{"line":12,"column":5}}],"line":10},"1":{"loc":{"start":{"line":17,"column":22},"end":{"line":17,"column":72}},"type":"cond-expr","locations":[{"start":{"line":17,"column":41},"end":{"line":17,"column":61}},{"start":{"line":17,"column":64},"end":{"line":17,"column":72}}],"line":17},"2":{"loc":{"start":{"line":18,"column":24},"end":{"line":18,"column":67}},"type":"cond-expr","locations":[{"start":{"line":18,"column":43},"end":{"line":18,"column":60}},{"start":{"line":18,"column":63},"end":{"line":18,"column":67}}],"line":18},"3":{"loc":{"start":{"line":22,"column":13},"end":{"line":28,"column":20}},"type":"cond-expr","locations":[{"start":{"line":23,"column":16},"end":{"line":27,"column":21}},{"start":{"line":28,"column":16},"end":{"line":28,"column":20}}],"line":22},"4":{"loc":{"start":{"line":31,"column":14},"end":{"line":31,"column":58}},"type":"cond-expr","locations":[{"start":{"line":31,"column":37},"end":{"line":31,"column":46}},{"start":{"line":31,"column":49},"end":{"line":31,"column":58}}],"line":31}},"s":{"0":1,"1":1,"2":1,"3":1,"4":1,"5":1},"f":{"0":1,"1":1,"2":1,"3":0},"b":{"0":[1,0],"1":[1,0],"2":[1,0],"3":[1,0],"4":[1,0]},"_coverageSchema":"332fd63041d2c1bcb487cc26dd0d5f7d97098a6c","hash":"5afe2329e41491275ad38d96aa0284c22bed5129"}
,"/Users/nagamiya/localrepos/github.com/ngmy/reactbook/whinepad2/js/source/components/Excel.js": {"path":"/Users/nagamiya/localrepos/github.com/ngmy/reactbook/whinepad2/js/source/components/Excel.js","statementMap":{"0":{"start":{"line":44,"column":4},"end":{"line":44,"column":17}},"1":{"start":{"line":45,"column":4},"end":{"line":51,"column":6}},"2":{"start":{"line":55,"column":4},"end":{"line":55,"column":49}},"3":{"start":{"line":59,"column":4},"end":{"line":59,"column":34}},"4":{"start":{"line":63,"column":22},"end":{"line":63,"column":23}},"5":{"start":{"line":64,"column":4},"end":{"line":68,"column":5}},"6":{"start":{"line":65,"column":6},"end":{"line":65,"column":18}},"7":{"start":{"line":67,"column":6},"end":{"line":67,"column":47}},"8":{"start":{"line":69,"column":4},"end":{"line":69,"column":39}},"9":{"start":{"line":73,"column":15},"end":{"line":73,"column":42}},"10":{"start":{"line":74,"column":23},"end":{"line":74,"column":74}},"11":{"start":{"line":75,"column":4},"end":{"line":75,"column":72}},"12":{"start":{"line":75,"column":24},"end":{"line":75,"column":70}},"13":{"start":{"line":76,"column":4},"end":{"line":80,"column":7}},"14":{"start":{"line":81,"column":4},"end":{"line":81,"column":31}},"15":{"start":{"line":85,"column":20},"end":{"line":85,"column":48}},"16":{"start":{"line":86,"column":4},"end":{"line":89,"column":8}},"17":{"start":{"line":93,"column":4},"end":{"line":93,"column":23}},"18":{"start":{"line":94,"column":18},"end":{"line":94,"column":44}},"19":{"start":{"line":95,"column":15},"end":{"line":95,"column":42}},"20":{"start":{"line":96,"column":4},"end":{"line":96,"column":48}},"21":{"start":{"line":97,"column":4},"end":{"line":97,"column":59}},"22":{"start":{"line":98,"column":4},"end":{"line":101,"column":7}},"23":{"start":{"line":102,"column":4},"end":{"line":102,"column":31}},"24":{"start":{"line":106,"column":4},"end":{"line":106,"column":57}},"25":{"start":{"line":110,"column":4},"end":{"line":113,"column":5}},"26":{"start":{"line":111,"column":6},"end":{"line":111,"column":26}},"27":{"start":{"line":112,"column":6},"end":{"line":112,"column":13}},"28":{"start":{"line":114,"column":18},"end":{"line":114,"column":66}},"29":{"start":{"line":115,"column":4},"end":{"line":115,"column":60}},"30":{"start":{"line":116,"column":15},"end":{"line":116,"column":42}},"31":{"start":{"line":117,"column":4},"end":{"line":117,"column":26}},"32":{"start":{"line":118,"column":4},"end":{"line":121,"column":7}},"33":{"start":{"line":122,"column":4},"end":{"line":122,"column":31}},"34":{"start":{"line":126,"column":4},"end":{"line":126,"column":34}},"35":{"start":{"line":130,"column":4},"end":{"line":133,"column":5}},"36":{"start":{"line":131,"column":6},"end":{"line":131,"column":26}},"37":{"start":{"line":132,"column":6},"end":{"line":132,"column":13}},"38":{"start":{"line":134,"column":18},"end":{"line":134,"column":66}},"39":{"start":{"line":135,"column":4},"end":{"line":135,"column":60}},"40":{"start":{"line":136,"column":15},"end":{"line":136,"column":42}},"41":{"start":{"line":137,"column":4},"end":{"line":137,"column":43}},"42":{"start":{"line":138,"column":4},"end":{"line":141,"column":7}},"43":{"start":{"line":142,"column":4},"end":{"line":142,"column":31}},"44":{"start":{"line":146,"column":4},"end":{"line":151,"column":6}},"45":{"start":{"line":155,"column":4},"end":{"line":157,"column":5}},"46":{"start":{"line":156,"column":6},"end":{"line":156,"column":18}},"47":{"start":{"line":158,"column":4},"end":{"line":167,"column":5}},"48":{"start":{"line":160,"column":8},"end":{"line":160,"column":42}},"49":{"start":{"line":162,"column":8},"end":{"line":162,"column":44}},"50":{"start":{"line":164,"column":8},"end":{"line":164,"column":40}},"51":{"start":{"line":166,"column":8},"end":{"line":166,"column":62}},"52":{"start":{"line":171,"column":18},"end":{"line":171,"column":66}},"53":{"start":{"line":172,"column":4},"end":{"line":172,"column":60}},"54":{"start":{"line":173,"column":18},"end":{"line":173,"column":40}},"55":{"start":{"line":174,"column":22},"end":{"line":174,"column":50}},"56":{"start":{"line":175,"column":4},"end":{"line":184,"column":6}},"57":{"start":{"line":188,"column":18},"end":{"line":188,"column":66}},"58":{"start":{"line":189,"column":4},"end":{"line":189,"column":60}},"59":{"start":{"line":190,"column":4},"end":{"line":204,"column":5}},"60":{"start":{"line":208,"column":4},"end":{"line":282,"column":6}},"61":{"start":{"line":213,"column":14},"end":{"line":215,"column":15}},"62":{"start":{"line":214,"column":16},"end":{"line":214,"column":28}},"63":{"start":{"line":216,"column":26},"end":{"line":216,"column":36}},"64":{"start":{"line":217,"column":14},"end":{"line":219,"column":15}},"65":{"start":{"line":218,"column":16},"end":{"line":218,"column":71}},"66":{"start":{"line":220,"column":14},"end":{"line":228,"column":16}},"67":{"start":{"line":235,"column":12},"end":{"line":278,"column":14}},"68":{"start":{"line":238,"column":33},"end":{"line":238,"column":55}},"69":{"start":{"line":239,"column":18},"end":{"line":241,"column":19}},"70":{"start":{"line":240,"column":20},"end":{"line":240,"column":32}},"71":{"start":{"line":242,"column":35},"end":{"line":242,"column":59}},"72":{"start":{"line":243,"column":31},"end":{"line":243,"column":46}},"73":{"start":{"line":244,"column":32},"end":{"line":244,"column":41}},"74":{"start":{"line":245,"column":18},"end":{"line":256,"column":19}},"75":{"start":{"line":247,"column":20},"end":{"line":252,"column":22}},"76":{"start":{"line":253,"column":25},"end":{"line":256,"column":19}},"77":{"start":{"line":254,"column":20},"end":{"line":255,"column":56}},"78":{"start":{"line":257,"column":18},"end":{"line":272,"column":20}},"79":{"start":{"line":286,"column":0},"end":{"line":294,"column":2}}},"fnMap":{"0":{"name":"(anonymous_0)","decl":{"start":{"line":43,"column":2},"end":{"line":43,"column":3}},"loc":{"start":{"line":43,"column":28},"end":{"line":52,"column":3}},"line":43},"1":{"name":"(anonymous_1)","decl":{"start":{"line":54,"column":2},"end":{"line":54,"column":3}},"loc":{"start":{"line":54,"column":46},"end":{"line":56,"column":3}},"line":54},"2":{"name":"(anonymous_2)","decl":{"start":{"line":58,"column":2},"end":{"line":58,"column":3}},"loc":{"start":{"line":58,"column":30},"end":{"line":60,"column":3}},"line":58},"3":{"name":"(anonymous_3)","decl":{"start":{"line":62,"column":2},"end":{"line":62,"column":3}},"loc":{"start":{"line":62,"column":85},"end":{"line":70,"column":3}},"line":62},"4":{"name":"(anonymous_4)","decl":{"start":{"line":72,"column":2},"end":{"line":72,"column":3}},"loc":{"start":{"line":72,"column":21},"end":{"line":82,"column":3}},"line":72},"5":{"name":"(anonymous_5)","decl":{"start":{"line":75,"column":14},"end":{"line":75,"column":15}},"loc":{"start":{"line":75,"column":24},"end":{"line":75,"column":70}},"line":75},"6":{"name":"(anonymous_6)","decl":{"start":{"line":84,"column":2},"end":{"line":84,"column":3}},"loc":{"start":{"line":84,"column":24},"end":{"line":90,"column":3}},"line":84},"7":{"name":"(anonymous_7)","decl":{"start":{"line":92,"column":2},"end":{"line":92,"column":3}},"loc":{"start":{"line":92,"column":18},"end":{"line":103,"column":3}},"line":92},"8":{"name":"(anonymous_8)","decl":{"start":{"line":105,"column":2},"end":{"line":105,"column":3}},"loc":{"start":{"line":105,"column":47},"end":{"line":107,"column":3}},"line":105},"9":{"name":"(anonymous_9)","decl":{"start":{"line":109,"column":2},"end":{"line":109,"column":3}},"loc":{"start":{"line":109,"column":43},"end":{"line":123,"column":3}},"line":109},"10":{"name":"(anonymous_10)","decl":{"start":{"line":125,"column":2},"end":{"line":125,"column":3}},"loc":{"start":{"line":125,"column":17},"end":{"line":127,"column":3}},"line":125},"11":{"name":"(anonymous_11)","decl":{"start":{"line":129,"column":2},"end":{"line":129,"column":3}},"loc":{"start":{"line":129,"column":34},"end":{"line":143,"column":3}},"line":129},"12":{"name":"(anonymous_12)","decl":{"start":{"line":145,"column":2},"end":{"line":145,"column":3}},"loc":{"start":{"line":145,"column":11},"end":{"line":152,"column":3}},"line":145},"13":{"name":"(anonymous_13)","decl":{"start":{"line":154,"column":2},"end":{"line":154,"column":3}},"loc":{"start":{"line":154,"column":18},"end":{"line":168,"column":3}},"line":154},"14":{"name":"(anonymous_14)","decl":{"start":{"line":170,"column":2},"end":{"line":170,"column":3}},"loc":{"start":{"line":170,"column":24},"end":{"line":185,"column":3}},"line":170},"15":{"name":"(anonymous_15)","decl":{"start":{"line":187,"column":2},"end":{"line":187,"column":3}},"loc":{"start":{"line":187,"column":40},"end":{"line":205,"column":3}},"line":187},"16":{"name":"(anonymous_16)","decl":{"start":{"line":207,"column":2},"end":{"line":207,"column":3}},"loc":{"start":{"line":207,"column":17},"end":{"line":283,"column":3}},"line":207},"17":{"name":"(anonymous_17)","decl":{"start":{"line":212,"column":35},"end":{"line":212,"column":36}},"loc":{"start":{"line":212,"column":43},"end":{"line":229,"column":13}},"line":212},"18":{"name":"(anonymous_18)","decl":{"start":{"line":234,"column":31},"end":{"line":234,"column":32}},"loc":{"start":{"line":234,"column":48},"end":{"line":279,"column":11}},"line":234},"19":{"name":"(anonymous_19)","decl":{"start":{"line":237,"column":37},"end":{"line":237,"column":38}},"loc":{"start":{"line":237,"column":52},"end":{"line":273,"column":17}},"line":237}},"branchMap":{"0":{"loc":{"start":{"line":64,"column":4},"end":{"line":68,"column":5}},"type":"if","locations":[{"start":{"line":64,"column":4},"end":{"line":68,"column":5}},{"start":{"line":64,"column":4},"end":{"line":68,"column":5}}],"line":64},"1":{"loc":{"start":{"line":64,"column":8},"end":{"line":64,"column":54}},"type":"binary-expr","locations":[{"start":{"line":64,"column":8},"end":{"line":64,"column":29}},{"start":{"line":64,"column":33},"end":{"line":64,"column":54}}],"line":64},"2":{"loc":{"start":{"line":69,"column":11},"end":{"line":69,"column":38}},"type":"cond-expr","locations":[{"start":{"line":69,"column":24},"end":{"line":69,"column":32}},{"start":{"line":69,"column":35},"end":{"line":69,"column":38}}],"line":69},"3":{"loc":{"start":{"line":74,"column":23},"end":{"line":74,"column":74}},"type":"binary-expr","locations":[{"start":{"line":74,"column":23},"end":{"line":74,"column":48}},{"start":{"line":74,"column":52},"end":{"line":74,"column":74}}],"line":74},"4":{"loc":{"start":{"line":110,"column":4},"end":{"line":113,"column":5}},"type":"if","locations":[{"start":{"line":110,"column":4},"end":{"line":113,"column":5}},{"start":{"line":110,"column":4},"end":{"line":113,"column":5}}],"line":110},"5":{"loc":{"start":{"line":114,"column":18},"end":{"line":114,"column":66}},"type":"cond-expr","locations":[{"start":{"line":114,"column":38},"end":{"line":114,"column":59}},{"start":{"line":114,"column":62},"end":{"line":114,"column":66}}],"line":114},"6":{"loc":{"start":{"line":130,"column":4},"end":{"line":133,"column":5}},"type":"if","locations":[{"start":{"line":130,"column":4},"end":{"line":133,"column":5}},{"start":{"line":130,"column":4},"end":{"line":133,"column":5}}],"line":130},"7":{"loc":{"start":{"line":134,"column":18},"end":{"line":134,"column":66}},"type":"cond-expr","locations":[{"start":{"line":134,"column":38},"end":{"line":134,"column":59}},{"start":{"line":134,"column":62},"end":{"line":134,"column":66}}],"line":134},"8":{"loc":{"start":{"line":155,"column":4},"end":{"line":157,"column":5}},"type":"if","locations":[{"start":{"line":155,"column":4},"end":{"line":157,"column":5}},{"start":{"line":155,"column":4},"end":{"line":157,"column":5}}],"line":155},"9":{"loc":{"start":{"line":158,"column":4},"end":{"line":167,"column":5}},"type":"switch","locations":[{"start":{"line":159,"column":4},"end":{"line":160,"column":42}},{"start":{"line":161,"column":4},"end":{"line":162,"column":44}},{"start":{"line":163,"column":4},"end":{"line":164,"column":40}},{"start":{"line":165,"column":4},"end":{"line":166,"column":62}}],"line":158},"10":{"loc":{"start":{"line":171,"column":18},"end":{"line":171,"column":66}},"type":"cond-expr","locations":[{"start":{"line":171,"column":38},"end":{"line":171,"column":59}},{"start":{"line":171,"column":62},"end":{"line":171,"column":66}}],"line":171},"11":{"loc":{"start":{"line":188,"column":18},"end":{"line":188,"column":66}},"type":"cond-expr","locations":[{"start":{"line":188,"column":38},"end":{"line":188,"column":59}},{"start":{"line":188,"column":62},"end":{"line":188,"column":66}}],"line":188},"12":{"loc":{"start":{"line":193,"column":16},"end":{"line":193,"column":44}},"type":"cond-expr","locations":[{"start":{"line":193,"column":27},"end":{"line":193,"column":34}},{"start":{"line":193,"column":37},"end":{"line":193,"column":44}}],"line":193},"13":{"loc":{"start":{"line":194,"column":22},"end":{"line":194,"column":44}},"type":"cond-expr","locations":[{"start":{"line":194,"column":33},"end":{"line":194,"column":37}},{"start":{"line":194,"column":40},"end":{"line":194,"column":44}}],"line":194},"14":{"loc":{"start":{"line":213,"column":14},"end":{"line":215,"column":15}},"type":"if","locations":[{"start":{"line":213,"column":14},"end":{"line":215,"column":15}},{"start":{"line":213,"column":14},"end":{"line":215,"column":15}}],"line":213},"15":{"loc":{"start":{"line":217,"column":14},"end":{"line":219,"column":15}},"type":"if","locations":[{"start":{"line":217,"column":14},"end":{"line":219,"column":15}},{"start":{"line":217,"column":14},"end":{"line":219,"column":15}}],"line":217},"16":{"loc":{"start":{"line":218,"column":25},"end":{"line":218,"column":70}},"type":"cond-expr","locations":[{"start":{"line":218,"column":49},"end":{"line":218,"column":58}},{"start":{"line":218,"column":61},"end":{"line":218,"column":70}}],"line":218},"17":{"loc":{"start":{"line":239,"column":18},"end":{"line":241,"column":19}},"type":"if","locations":[{"start":{"line":239,"column":18},"end":{"line":241,"column":19}},{"start":{"line":239,"column":18},"end":{"line":241,"column":19}}],"line":239},"18":{"loc":{"start":{"line":239,"column":22},"end":{"line":239,"column":45}},"type":"binary-expr","locations":[{"start":{"line":239,"column":22},"end":{"line":239,"column":29}},{"start":{"line":239,"column":33},"end":{"line":239,"column":45}}],"line":239},"19":{"loc":{"start":{"line":245,"column":18},"end":{"line":256,"column":19}},"type":"if","locations":[{"start":{"line":245,"column":18},"end":{"line":256,"column":19}},{"start":{"line":245,"column":18},"end":{"line":256,"column":19}}],"line":245},"20":{"loc":{"start":{"line":245,"column":22},"end":{"line":246,"column":68}},"type":"binary-expr","locations":[{"start":{"line":245,"column":22},"end":{"line":245,"column":31}},{"start":{"line":245,"column":35},"end":{"line":245,"column":39}},{"start":{"line":246,"column":23},"end":{"line":246,"column":42}},{"start":{"line":246,"column":46},"end":{"line":246,"column":68}}],"line":245},"21":{"loc":{"start":{"line":253,"column":25},"end":{"line":256,"column":19}},"type":"if","locations":[{"start":{"line":253,"column":25},"end":{"line":256,"column":19}},{"start":{"line":253,"column":25},"end":{"line":256,"column":19}}],"line":253},"22":{"loc":{"start":{"line":264,"column":43},"end":{"line":265,"column":50}},"type":"binary-expr","locations":[{"start":{"line":264,"column":43},"end":{"line":264,"column":66}},{"start":{"line":265,"column":26},"end":{"line":265,"column":50}}],"line":264}},"s":{"0":2,"1":2,"2":0,"3":2,"4":0,"5":0,"6":0,"7":0,"8":0,"9":0,"10":0,"11":0,"12":0,"13":0,"14":0,"15":1,"16":1,"17":1,"18":1,"19":1,"20":1,"21":1,"22":1,"23":1,"24":1,"25":1,"26":0,"27":0,"28":1,"29":1,"30":1,"31":1,"32":1,"33":1,"34":0,"35":0,"36":0,"37":0,"38":0,"39":0,"40":0,"41":0,"42":0,"43":0,"44":6,"45":6,"46":5,"47":1,"48":1,"49":0,"50":0,"51":0,"52":1,"53":1,"54":1,"55":1,"56":1,"57":0,"58":0,"59":0,"60":6,"61":30,"62":6,"63":24,"64":24,"65":0,"66":24,"67":5,"68":25,"69":25,"70":5,"71":20,"72":20,"73":20,"74":20,"75":1,"76":19,"77":5,"78":20,"79":1},"f":{"0":2,"1":0,"2":2,"3":0,"4":0,"5":0,"6":1,"7":1,"8":1,"9":1,"10":0,"11":0,"12":6,"13":6,"14":1,"15":0,"16":6,"17":30,"18":5,"19":25},"b":{"0":[0,0],"1":[0,0],"2":[0,0],"3":[0,0],"4":[0,1],"5":[1,0],"6":[0,0],"7":[0,0],"8":[5,1],"9":[1,0,0,0],"10":[1,0],"11":[0,0],"12":[0,0],"13":[0,0],"14":[6,24],"15":[0,24],"16":[0,0],"17":[5,20],"18":[25,25],"19":[1,19],"20":[20,15,3,3],"21":[5,14],"22":[20,10]},"_coverageSchema":"332fd63041d2c1bcb487cc26dd0d5f7d97098a6c","hash":"133323c51719717e36818c13c245f811b9ecec7a"}
,"/Users/nagamiya/localrepos/github.com/ngmy/reactbook/whinepad2/js/source/components/Form.js": {"path":"/Users/nagamiya/localrepos/github.com/ngmy/reactbook/whinepad2/js/source/components/Form.js","statementMap":{"0":{"start":{"line":17,"column":15},"end":{"line":17,"column":17}},"1":{"start":{"line":18,"column":4},"end":{"line":20,"column":6}},"2":{"start":{"line":19,"column":6},"end":{"line":19,"column":53}},"3":{"start":{"line":21,"column":4},"end":{"line":21,"column":16}},"4":{"start":{"line":25,"column":4},"end":{"line":50,"column":6}},"5":{"start":{"line":27,"column":47},"end":{"line":27,"column":111}},"6":{"start":{"line":28,"column":8},"end":{"line":35,"column":9}},"7":{"start":{"line":29,"column":10},"end":{"line":34,"column":12}},"8":{"start":{"line":36,"column":8},"end":{"line":38,"column":9}},"9":{"start":{"line":37,"column":10},"end":{"line":37,"column":22}},"10":{"start":{"line":39,"column":8},"end":{"line":48,"column":10}}},"fnMap":{"0":{"name":"(anonymous_0)","decl":{"start":{"line":16,"column":2},"end":{"line":16,"column":3}},"loc":{"start":{"line":16,"column":12},"end":{"line":22,"column":3}},"line":16},"1":{"name":"(anonymous_1)","decl":{"start":{"line":18,"column":30},"end":{"line":18,"column":31}},"loc":{"start":{"line":19,"column":6},"end":{"line":19,"column":53}},"line":19},"2":{"name":"(anonymous_2)","decl":{"start":{"line":24,"column":2},"end":{"line":24,"column":3}},"loc":{"start":{"line":24,"column":11},"end":{"line":51,"column":3}},"line":24},"3":{"name":"(anonymous_3)","decl":{"start":{"line":26,"column":52},"end":{"line":26,"column":53}},"loc":{"start":{"line":26,"column":61},"end":{"line":49,"column":7}},"line":26}},"branchMap":{"0":{"loc":{"start":{"line":27,"column":47},"end":{"line":27,"column":111}},"type":"binary-expr","locations":[{"start":{"line":27,"column":47},"end":{"line":27,"column":69}},{"start":{"line":27,"column":73},"end":{"line":27,"column":105}},{"start":{"line":27,"column":109},"end":{"line":27,"column":111}}],"line":27},"1":{"loc":{"start":{"line":28,"column":8},"end":{"line":35,"column":9}},"type":"if","locations":[{"start":{"line":28,"column":8},"end":{"line":35,"column":9}},{"start":{"line":28,"column":8},"end":{"line":35,"column":9}}],"line":28},"2":{"loc":{"start":{"line":36,"column":8},"end":{"line":38,"column":9}},"type":"if","locations":[{"start":{"line":36,"column":8},"end":{"line":38,"column":9}},{"start":{"line":36,"column":8},"end":{"line":38,"column":9}}],"line":36},"3":{"loc":{"start":{"line":43,"column":14},"end":{"line":45,"column":40}},"type":"cond-expr","locations":[{"start":{"line":44,"column":18},"end":{"line":44,"column":83}},{"start":{"line":45,"column":18},"end":{"line":45,"column":40}}],"line":43}},"s":{"0":0,"1":0,"2":0,"3":0,"4":0,"5":0,"6":0,"7":0,"8":0,"9":0,"10":0},"f":{"0":0,"1":0,"2":0,"3":0},"b":{"0":[0,0,0],"1":[0,0],"2":[0,0],"3":[0,0]},"_coverageSchema":"332fd63041d2c1bcb487cc26dd0d5f7d97098a6c","hash":"9c8c842f886d794082bd90734e0da58859f9e8ac"}
,"/Users/nagamiya/localrepos/github.com/ngmy/reactbook/whinepad2/js/source/components/FormInput.js": {"path":"/Users/nagamiya/localrepos/github.com/ngmy/reactbook/whinepad2/js/source/components/FormInput.js","statementMap":{"0":{"start":{"line":22,"column":4},"end":{"line":24,"column":35}},"1":{"start":{"line":28,"column":27},"end":{"line":32,"column":5}},"2":{"start":{"line":34,"column":4},"end":{"line":54,"column":5}},"3":{"start":{"line":36,"column":6},"end":{"line":41,"column":8}},"4":{"start":{"line":43,"column":6},"end":{"line":43,"column":66}},"5":{"start":{"line":45,"column":6},"end":{"line":49,"column":8}},"6":{"start":{"line":51,"column":6},"end":{"line":51,"column":38}},"7":{"start":{"line":53,"column":6},"end":{"line":53,"column":47}}},"fnMap":{"0":{"name":"(anonymous_0)","decl":{"start":{"line":21,"column":2},"end":{"line":21,"column":3}},"loc":{"start":{"line":21,"column":35},"end":{"line":25,"column":3}},"line":21},"1":{"name":"(anonymous_1)","decl":{"start":{"line":27,"column":2},"end":{"line":27,"column":3}},"loc":{"start":{"line":27,"column":11},"end":{"line":56,"column":3}},"line":27}},"branchMap":{"0":{"loc":{"start":{"line":22,"column":11},"end":{"line":24,"column":34}},"type":"cond-expr","locations":[{"start":{"line":23,"column":8},"end":{"line":23,"column":29}},{"start":{"line":24,"column":8},"end":{"line":24,"column":34}}],"line":22},"1":{"loc":{"start":{"line":34,"column":4},"end":{"line":54,"column":5}},"type":"switch","locations":[{"start":{"line":35,"column":4},"end":{"line":41,"column":8}},{"start":{"line":42,"column":4},"end":{"line":43,"column":66}},{"start":{"line":44,"column":4},"end":{"line":49,"column":8}},{"start":{"line":50,"column":4},"end":{"line":51,"column":38}},{"start":{"line":52,"column":4},"end":{"line":53,"column":47}}],"line":34},"2":{"loc":{"start":{"line":40,"column":24},"end":{"line":40,"column":75}},"type":"binary-expr","locations":[{"start":{"line":40,"column":24},"end":{"line":40,"column":47}},{"start":{"line":40,"column":51},"end":{"line":40,"column":75}}],"line":40}},"s":{"0":3,"1":3,"2":3,"3":1,"4":0,"5":1,"6":0,"7":1},"f":{"0":3,"1":3},"b":{"0":[2,1],"1":[1,0,1,0,1],"2":[1,1]},"_coverageSchema":"332fd63041d2c1bcb487cc26dd0d5f7d97098a6c","hash":"bc3ede05e60dd00b5b9d69ed3ca647d3856c02d6"}
,"/Users/nagamiya/localrepos/github.com/ngmy/reactbook/whinepad2/js/source/components/Rating.js": {"path":"/Users/nagamiya/localrepos/github.com/ngmy/reactbook/whinepad2/js/source/components/Rating.js","statementMap":{"0":{"start":{"line":28,"column":4},"end":{"line":28,"column":17}},"1":{"start":{"line":29,"column":4},"end":{"line":32,"column":5}},"2":{"start":{"line":36,"column":4},"end":{"line":36,"column":29}},"3":{"start":{"line":40,"column":4},"end":{"line":40,"column":39}},"4":{"start":{"line":44,"column":4},"end":{"line":47,"column":7}},"5":{"start":{"line":51,"column":4},"end":{"line":51,"column":36}},"6":{"start":{"line":55,"column":4},"end":{"line":55,"column":43}},"7":{"start":{"line":59,"column":18},"end":{"line":59,"column":20}},"8":{"start":{"line":60,"column":4},"end":{"line":70,"column":5}},"9":{"start":{"line":61,"column":6},"end":{"line":69,"column":17}},"10":{"start":{"line":71,"column":4},"end":{"line":88,"column":6}}},"fnMap":{"0":{"name":"(anonymous_0)","decl":{"start":{"line":27,"column":2},"end":{"line":27,"column":3}},"loc":{"start":{"line":27,"column":28},"end":{"line":33,"column":3}},"line":27},"1":{"name":"(anonymous_1)","decl":{"start":{"line":35,"column":2},"end":{"line":35,"column":3}},"loc":{"start":{"line":35,"column":13},"end":{"line":37,"column":3}},"line":35},"2":{"name":"(anonymous_2)","decl":{"start":{"line":39,"column":2},"end":{"line":39,"column":3}},"loc":{"start":{"line":39,"column":26},"end":{"line":41,"column":3}},"line":39},"3":{"name":"(anonymous_3)","decl":{"start":{"line":43,"column":2},"end":{"line":43,"column":3}},"loc":{"start":{"line":43,"column":28},"end":{"line":48,"column":3}},"line":43},"4":{"name":"(anonymous_4)","decl":{"start":{"line":50,"column":2},"end":{"line":50,"column":3}},"loc":{"start":{"line":50,"column":10},"end":{"line":52,"column":3}},"line":50},"5":{"name":"(anonymous_5)","decl":{"start":{"line":54,"column":2},"end":{"line":54,"column":3}},"loc":{"start":{"line":54,"column":46},"end":{"line":56,"column":3}},"line":54},"6":{"name":"(anonymous_6)","decl":{"start":{"line":58,"column":2},"end":{"line":58,"column":3}},"loc":{"start":{"line":58,"column":11},"end":{"line":89,"column":3}},"line":58}},"branchMap":{"0":{"loc":{"start":{"line":63,"column":21},"end":{"line":63,"column":66}},"type":"cond-expr","locations":[{"start":{"line":63,"column":49},"end":{"line":63,"column":59}},{"start":{"line":63,"column":62},"end":{"line":63,"column":66}}],"line":63},"1":{"loc":{"start":{"line":65,"column":19},"end":{"line":65,"column":71}},"type":"binary-expr","locations":[{"start":{"line":65,"column":19},"end":{"line":65,"column":39}},{"start":{"line":65,"column":43},"end":{"line":65,"column":71}}],"line":65},"2":{"loc":{"start":{"line":66,"column":23},"end":{"line":66,"column":73}},"type":"binary-expr","locations":[{"start":{"line":66,"column":23},"end":{"line":66,"column":43}},{"start":{"line":66,"column":47},"end":{"line":66,"column":73}}],"line":66},"3":{"loc":{"start":{"line":80,"column":9},"end":{"line":85,"column":40}},"type":"cond-expr","locations":[{"start":{"line":81,"column":12},"end":{"line":81,"column":16}},{"start":{"line":82,"column":12},"end":{"line":85,"column":40}}],"line":80},"4":{"loc":{"start":{"line":80,"column":9},"end":{"line":80,"column":46}},"type":"binary-expr","locations":[{"start":{"line":80,"column":9},"end":{"line":80,"column":28}},{"start":{"line":80,"column":32},"end":{"line":80,"column":46}}],"line":80}},"s":{"0":4,"1":4,"2":2,"3":2,"4":4,"5":1,"6":3,"7":10,"8":10,"9":50,"10":10},"f":{"0":4,"1":2,"2":2,"3":4,"4":1,"5":3,"6":10},"b":{"0":[26,24],"1":[50,25],"2":[50,25],"3":[10,0],"4":[10,5]},"_coverageSchema":"332fd63041d2c1bcb487cc26dd0d5f7d97098a6c","hash":"765d49991481f26a0c1b7b05ae284e24f94e8179"}
,"/Users/nagamiya/localrepos/github.com/ngmy/reactbook/whinepad2/js/source/components/Suggest.js": {"path":"/Users/nagamiya/localrepos/github.com/ngmy/reactbook/whinepad2/js/source/components/Suggest.js","statementMap":{"0":{"start":{"line":5,"column":4},"end":{"line":5,"column":41}},"1":{"start":{"line":9,"column":21},"end":{"line":9,"column":60}},"2":{"start":{"line":10,"column":4},"end":{"line":23,"column":6}},"3":{"start":{"line":19,"column":12},"end":{"line":19,"column":45}},"4":{"start":{"line":27,"column":0},"end":{"line":29,"column":2}}},"fnMap":{"0":{"name":"(anonymous_0)","decl":{"start":{"line":4,"column":2},"end":{"line":4,"column":3}},"loc":{"start":{"line":4,"column":13},"end":{"line":6,"column":3}},"line":4},"1":{"name":"(anonymous_1)","decl":{"start":{"line":8,"column":2},"end":{"line":8,"column":3}},"loc":{"start":{"line":8,"column":11},"end":{"line":24,"column":3}},"line":8},"2":{"name":"(anonymous_2)","decl":{"start":{"line":18,"column":33},"end":{"line":18,"column":34}},"loc":{"start":{"line":19,"column":12},"end":{"line":19,"column":45}},"line":19}},"branchMap":{},"s":{"0":0,"1":0,"2":0,"3":0,"4":2},"f":{"0":0,"1":0,"2":0},"b":{},"_coverageSchema":"332fd63041d2c1bcb487cc26dd0d5f7d97098a6c","hash":"4f8d29f1ecd2d88b5f97afca79745bcfd1feeae8"}
}
