TN:
SF:/Users/nagamiya/localrepos/github.com/ngmy/reactbook/whinepad3/js/source/classification.js
FNF:0
FNH:0
LF:0
LH:0
BRF:0
BRH:0
end_of_record
TN:
SF:/Users/nagamiya/localrepos/github.com/ngmy/reactbook/whinepad3/js/source/schema.js
FNF:0
FNH:0
LF:0
LH:0
BRF:0
BRH:0
end_of_record
TN:
SF:/Users/nagamiya/localrepos/github.com/ngmy/reactbook/whinepad3/js/source/components/Actions.js
FN:3,(anonymous_0)
FN:27,(anonymous_1)
FNF:2
FNH:1
FNDA:6,(anonymous_0)
FNDA:0,(anonymous_1)
DA:3,2
DA:4,6
DA:22,2
DA:26,2
LF:4
LH:4
BRF:0
BRH:0
end_of_record
TN:
SF:/Users/nagamiya/localrepos/github.com/ngmy/reactbook/whinepad3/js/source/components/Button.js
FN:11,(anonymous_0)
FNF:1
FNH:1
FNDA:4,(anonymous_0)
DA:11,2
DA:12,4
LF:2
LH:2
BRDA:12,0,0,1
BRDA:12,0,1,3
BRF:2
BRH:2
end_of_record
TN:
SF:/Users/nagamiya/localrepos/github.com/ngmy/reactbook/whinepad3/js/source/components/Dialog.js
FN:5,(anonymous_0)
FN:9,(anonymous_1)
FN:15,(anonymous_2)
FN:52,(anonymous_3)
FNF:4
FNH:3
FNDA:1,(anonymous_0)
FNDA:1,(anonymous_1)
FNDA:1,(anonymous_2)
FNDA:0,(anonymous_3)
DA:6,1
DA:10,1
DA:11,1
DA:16,1
DA:41,1
DA:49,1
LF:6
LH:6
BRDA:10,0,0,1
BRDA:10,0,1,0
BRDA:17,1,0,1
BRDA:17,1,1,0
BRDA:18,2,0,1
BRDA:18,2,1,0
BRDA:22,3,0,1
BRDA:22,3,1,0
BRDA:31,4,0,1
BRDA:31,4,1,0
BRF:10
BRH:5
end_of_record
TN:
SF:/Users/nagamiya/localrepos/github.com/ngmy/reactbook/whinepad3/js/source/components/Excel.js
FN:42,(anonymous_0)
FN:52,(anonymous_1)
FN:59,(anonymous_2)
FN:63,(anonymous_3)
FN:72,(anonymous_4)
FN:80,(anonymous_5)
FN:92,(anonymous_6)
FN:96,(anonymous_7)
FN:111,(anonymous_8)
FN:115,(anonymous_9)
FN:130,(anonymous_10)
FN:139,(anonymous_11)
FN:155,(anonymous_12)
FN:172,(anonymous_13)
FN:191,(anonymous_14)
FN:196,(anonymous_15)
FN:218,(anonymous_16)
FN:221,(anonymous_17)
FNF:18
FNH:12
FNDA:2,(anonymous_0)
FNDA:0,(anonymous_1)
FNDA:0,(anonymous_2)
FNDA:0,(anonymous_3)
FNDA:1,(anonymous_4)
FNDA:1,(anonymous_5)
FNDA:1,(anonymous_6)
FNDA:1,(anonymous_7)
FNDA:0,(anonymous_8)
FNDA:0,(anonymous_9)
FNDA:6,(anonymous_10)
FNDA:6,(anonymous_11)
FNDA:1,(anonymous_12)
FNDA:0,(anonymous_13)
FNDA:6,(anonymous_14)
FNDA:30,(anonymous_15)
FNDA:5,(anonymous_16)
FNDA:25,(anonymous_17)
DA:43,2
DA:44,2
DA:51,2
DA:52,2
DA:53,0
DA:60,0
DA:64,0
DA:65,0
DA:66,0
DA:73,1
DA:74,1
DA:81,1
DA:82,1
DA:83,1
DA:84,1
DA:85,1
DA:86,1
DA:93,1
DA:97,1
DA:98,0
DA:99,0
DA:101,1
DA:102,1
DA:103,1
DA:104,1
DA:105,1
DA:112,0
DA:116,0
DA:117,0
DA:118,0
DA:120,0
DA:121,0
DA:122,0
DA:123,0
DA:124,0
DA:131,6
DA:140,6
DA:141,5
DA:143,1
DA:145,1
DA:147,0
DA:149,0
DA:151,0
DA:156,1
DA:157,1
DA:158,1
DA:159,1
DA:160,1
DA:173,0
DA:174,0
DA:175,0
DA:192,6
DA:197,30
DA:198,6
DA:200,24
DA:201,24
DA:202,0
DA:204,24
DA:219,5
DA:222,25
DA:223,25
DA:224,5
DA:226,20
DA:227,20
DA:228,20
DA:229,20
DA:231,1
DA:237,19
DA:238,5
DA:241,20
LF:70
LH:47
BRDA:64,0,0,0
BRDA:64,0,1,0
BRDA:97,1,0,0
BRDA:97,1,1,1
BRDA:101,2,0,1
BRDA:101,2,1,0
BRDA:116,3,0,0
BRDA:116,3,1,0
BRDA:120,4,0,0
BRDA:120,4,1,0
BRDA:140,5,0,5
BRDA:140,5,1,1
BRDA:143,6,0,1
BRDA:143,6,1,0
BRDA:143,6,2,0
BRDA:143,6,3,0
BRDA:156,7,0,1
BRDA:156,7,1,0
BRDA:173,8,0,0
BRDA:173,8,1,0
BRDA:178,9,0,0
BRDA:178,9,1,0
BRDA:179,10,0,0
BRDA:179,10,1,0
BRDA:197,11,0,6
BRDA:197,11,1,24
BRDA:201,12,0,0
BRDA:201,12,1,24
BRDA:202,13,0,0
BRDA:202,13,1,0
BRDA:223,14,0,5
BRDA:223,14,1,20
BRDA:223,15,0,25
BRDA:223,15,1,25
BRDA:229,16,0,1
BRDA:229,16,1,19
BRDA:229,17,0,20
BRDA:229,17,1,15
BRDA:229,17,2,3
BRDA:229,17,3,3
BRDA:237,18,0,5
BRDA:237,18,1,14
BRDA:248,19,0,20
BRDA:248,19,1,10
BRF:44
BRH:23
end_of_record
TN:
SF:/Users/nagamiya/localrepos/github.com/ngmy/reactbook/whinepad3/js/source/components/Form.js
FN:20,(anonymous_0)
FN:28,(anonymous_1)
FN:30,(anonymous_2)
FN:36,(anonymous_3)
FN:38,(anonymous_4)
FNF:5
FNH:0
FNDA:0,(anonymous_0)
FNDA:0,(anonymous_1)
FNDA:0,(anonymous_2)
FNDA:0,(anonymous_3)
FNDA:0,(anonymous_4)
DA:21,0
DA:22,0
DA:23,0
DA:24,0
DA:29,0
DA:30,0
DA:31,0
DA:33,0
DA:37,0
DA:39,0
DA:40,0
DA:41,0
DA:48,0
DA:49,0
DA:51,0
LF:15
LH:0
BRDA:23,0,0,0
BRDA:23,0,1,0
BRDA:23,1,0,0
BRDA:23,1,1,0
BRDA:39,2,0,0
BRDA:39,2,1,0
BRDA:39,2,2,0
BRDA:40,3,0,0
BRDA:40,3,1,0
BRDA:48,4,0,0
BRDA:48,4,1,0
BRDA:55,5,0,0
BRDA:55,5,1,0
BRF:13
BRH:0
end_of_record
TN:
SF:/Users/nagamiya/localrepos/github.com/ngmy/reactbook/whinepad3/js/source/components/FormInput.js
FN:21,(anonymous_0)
FN:27,(anonymous_1)
FNF:2
FNH:2
FNDA:3,(anonymous_0)
FNDA:3,(anonymous_1)
DA:22,3
DA:28,3
DA:34,3
DA:36,1
DA:43,0
DA:45,1
DA:51,0
DA:53,1
LF:8
LH:6
BRDA:22,0,0,2
BRDA:22,0,1,1
BRDA:34,1,0,1
BRDA:34,1,1,0
BRDA:34,1,2,1
BRDA:34,1,3,0
BRDA:34,1,4,1
BRDA:40,2,0,1
BRDA:40,2,1,1
BRF:9
BRH:7
end_of_record
TN:
SF:/Users/nagamiya/localrepos/github.com/ngmy/reactbook/whinepad3/js/source/components/Rating.js
FN:27,(anonymous_0)
FN:35,(anonymous_1)
FN:39,(anonymous_2)
FN:43,(anonymous_3)
FN:50,(anonymous_4)
FN:54,(anonymous_5)
FN:58,(anonymous_6)
FNF:7
FNH:7
FNDA:4,(anonymous_0)
FNDA:2,(anonymous_1)
FNDA:2,(anonymous_2)
FNDA:4,(anonymous_3)
FNDA:1,(anonymous_4)
FNDA:3,(anonymous_5)
FNDA:10,(anonymous_6)
DA:28,4
DA:29,4
DA:36,2
DA:40,2
DA:44,4
DA:51,1
DA:55,3
DA:59,10
DA:60,10
DA:61,50
DA:71,10
LF:11
LH:11
BRDA:63,0,0,26
BRDA:63,0,1,24
BRDA:65,1,0,50
BRDA:65,1,1,25
BRDA:66,2,0,50
BRDA:66,2,1,25
BRDA:80,3,0,10
BRDA:80,3,1,0
BRDA:80,4,0,10
BRDA:80,4,1,5
BRF:10
BRH:9
end_of_record
TN:
SF:/Users/nagamiya/localrepos/github.com/ngmy/reactbook/whinepad3/js/source/components/Suggest.js
FN:4,(anonymous_0)
FN:8,(anonymous_1)
FN:18,(anonymous_2)
FNF:3
FNH:0
FNDA:0,(anonymous_0)
FNDA:0,(anonymous_1)
FNDA:0,(anonymous_2)
DA:5,0
DA:9,0
DA:10,0
DA:19,0
DA:27,2
LF:5
LH:1
BRF:0
BRH:0
end_of_record
TN:
SF:/Users/nagamiya/localrepos/github.com/ngmy/reactbook/whinepad3/js/source/flux/CRUDActions.js
FN:23,(anonymous_0)
FN:24,(anonymous_1)
FN:48,(anonymous_2)
FNF:3
FNH:0
FNDA:0,(anonymous_0)
FNDA:0,(anonymous_1)
FNDA:0,(anonymous_2)
DA:5,1
DA:9,0
DA:13,0
DA:17,0
DA:18,0
DA:19,0
DA:20,0
DA:21,0
DA:23,0
DA:24,0
DA:25,0
DA:26,0
DA:27,0
DA:30,0
DA:32,0
DA:36,0
DA:37,0
DA:38,0
DA:40,0
DA:42,0
DA:47,0
DA:48,0
DA:53,0
DA:54,0
DA:55,0
DA:59,0
DA:60,0
DA:61,0
DA:65,0
DA:66,0
DA:67,0
DA:71,0
DA:72,0
DA:73,0
LF:34
LH:1
BRDA:19,0,0,0
BRDA:19,0,1,0
BRDA:26,1,0,0
BRDA:26,1,1,0
BRDA:37,2,0,0
BRDA:37,2,1,0
BRDA:37,3,0,0
BRDA:37,3,1,0
BRDA:42,4,0,0
BRDA:42,4,1,0
BRF:10
BRH:0
end_of_record
TN:
SF:/Users/nagamiya/localrepos/github.com/ngmy/reactbook/whinepad3/js/source/flux/CRUDStore.js
FN:17,(anonymous_0)
FNF:1
FNH:1
FNDA:5,(anonymous_0)
DA:7,1
DA:9,1
DA:11,1
DA:12,1
DA:15,1
DA:16,1
DA:17,5
DA:19,0
DA:24,2
DA:28,2
DA:32,0
DA:33,0
DA:34,0
DA:36,0
DA:40,0
DA:44,0
DA:48,2
LF:17
LH:10
BRDA:12,0,0,0
BRDA:12,0,1,1
BRDA:15,1,0,1
BRDA:15,1,1,0
BRDA:31,2,0,0
BRDA:33,3,0,0
BRDA:33,3,1,0
BRDA:33,4,0,0
BRDA:33,4,1,0
BRDA:44,5,0,0
BRDA:44,5,1,0
BRF:11
BRH:2
end_of_record
