{"/Users/nagamiya/localrepos/github.com/ngmy/reactbook/whinepad3/js/source/classification.js": {"path":"/Users/nagamiya/localrepos/github.com/ngmy/reactbook/whinepad3/js/source/classification.js","statementMap":{},"fnMap":{},"branchMap":{},"s":{},"f":{},"b":{},"_coverageSchema":"332fd63041d2c1bcb487cc26dd0d5f7d97098a6c","hash":"c1277620072d3b27035915453c0a2d29280a0efe"}
,"/Users/nagamiya/localrepos/github.com/ngmy/reactbook/whinepad3/js/source/schema.js": {"path":"/Users/nagamiya/localrepos/github.com/ngmy/reactbook/whinepad3/js/source/schema.js","statementMap":{},"fnMap":{},"branchMap":{},"s":{},"f":{},"b":{},"_coverageSchema":"332fd63041d2c1bcb487cc26dd0d5f7d97098a6c","hash":"9f3a5424a0a0985f8e10f4ab9d61bf2cd4250259"}
,"/Users/nagamiya/localrepos/github.com/ngmy/reactbook/whinepad3/js/source/components/Actions.js": {"path":"/Users/nagamiya/localrepos/github.com/ngmy/reactbook/whinepad3/js/source/components/Actions.js","statementMap":{"0":{"start":{"line":3,"column":16},"end":{"line":20,"column":8}},"1":{"start":{"line":4,"column":2},"end":{"line":20,"column":8}},"2":{"start":{"line":22,"column":0},"end":{"line":24,"column":2}},"3":{"start":{"line":26,"column":0},"end":{"line":28,"column":2}}},"fnMap":{"0":{"name":"(anonymous_0)","decl":{"start":{"line":3,"column":16},"end":{"line":3,"column":17}},"loc":{"start":{"line":4,"column":2},"end":{"line":20,"column":8}},"line":4},"1":{"name":"(anonymous_1)","decl":{"start":{"line":27,"column":12},"end":{"line":27,"column":13}},"loc":{"start":{"line":27,"column":18},"end":{"line":27,"column":20}},"line":27}},"branchMap":{},"s":{"0":2,"1":6,"2":2,"3":2},"f":{"0":6,"1":0},"b":{},"_coverageSchema":"332fd63041d2c1bcb487cc26dd0d5f7d97098a6c","hash":"4211d4ffb87f1d6857f15768b06438cd62521317"}
,"/Users/nagamiya/localrepos/github.com/ngmy/reactbook/whinepad3/js/source/components/Button.js": {"path":"/Users/nagamiya/localrepos/github.com/ngmy/reactbook/whinepad3/js/source/components/Button.js","statementMap":{"0":{"start":{"line":11,"column":15},"end":{"line":14,"column":77}},"1":{"start":{"line":12,"column":2},"end":{"line":14,"column":77}}},"fnMap":{"0":{"name":"(anonymous_0)","decl":{"start":{"line":11,"column":15},"end":{"line":11,"column":16}},"loc":{"start":{"line":12,"column":2},"end":{"line":14,"column":77}},"line":12}},"branchMap":{"0":{"loc":{"start":{"line":12,"column":2},"end":{"line":14,"column":77}},"type":"cond-expr","locations":[{"start":{"line":13,"column":6},"end":{"line":13,"column":72}},{"start":{"line":14,"column":6},"end":{"line":14,"column":77}}],"line":12}},"s":{"0":2,"1":4},"f":{"0":4},"b":{"0":[1,3]},"_coverageSchema":"332fd63041d2c1bcb487cc26dd0d5f7d97098a6c","hash":"a704e9257fb96fad8d7ddc2c7a78d22dd026abb5"}
,"/Users/nagamiya/localrepos/github.com/ngmy/reactbook/whinepad3/js/source/components/Dialog.js": {"path":"/Users/nagamiya/localrepos/github.com/ngmy/reactbook/whinepad3/js/source/components/Dialog.js","statementMap":{"0":{"start":{"line":6,"column":4},"end":{"line":6,"column":54}},"1":{"start":{"line":10,"column":4},"end":{"line":12,"column":5}},"2":{"start":{"line":11,"column":6},"end":{"line":11,"column":53}},"3":{"start":{"line":16,"column":4},"end":{"line":37,"column":6}},"4":{"start":{"line":41,"column":0},"end":{"line":47,"column":2}},"5":{"start":{"line":49,"column":0},"end":{"line":54,"column":2}}},"fnMap":{"0":{"name":"(anonymous_0)","decl":{"start":{"line":5,"column":2},"end":{"line":5,"column":3}},"loc":{"start":{"line":5,"column":25},"end":{"line":7,"column":3}},"line":5},"1":{"name":"(anonymous_1)","decl":{"start":{"line":9,"column":2},"end":{"line":9,"column":3}},"loc":{"start":{"line":9,"column":22},"end":{"line":13,"column":3}},"line":9},"2":{"name":"(anonymous_2)","decl":{"start":{"line":15,"column":2},"end":{"line":15,"column":3}},"loc":{"start":{"line":15,"column":11},"end":{"line":38,"column":3}},"line":15},"3":{"name":"(anonymous_3)","decl":{"start":{"line":52,"column":12},"end":{"line":52,"column":13}},"loc":{"start":{"line":52,"column":18},"end":{"line":52,"column":20}},"line":52}},"branchMap":{"0":{"loc":{"start":{"line":10,"column":4},"end":{"line":12,"column":5}},"type":"if","locations":[{"start":{"line":10,"column":4},"end":{"line":12,"column":5}},{"start":{"line":10,"column":4},"end":{"line":12,"column":5}}],"line":10},"1":{"loc":{"start":{"line":17,"column":22},"end":{"line":17,"column":72}},"type":"cond-expr","locations":[{"start":{"line":17,"column":41},"end":{"line":17,"column":61}},{"start":{"line":17,"column":64},"end":{"line":17,"column":72}}],"line":17},"2":{"loc":{"start":{"line":18,"column":24},"end":{"line":18,"column":67}},"type":"cond-expr","locations":[{"start":{"line":18,"column":43},"end":{"line":18,"column":60}},{"start":{"line":18,"column":63},"end":{"line":18,"column":67}}],"line":18},"3":{"loc":{"start":{"line":22,"column":13},"end":{"line":28,"column":20}},"type":"cond-expr","locations":[{"start":{"line":23,"column":16},"end":{"line":27,"column":21}},{"start":{"line":28,"column":16},"end":{"line":28,"column":20}}],"line":22},"4":{"loc":{"start":{"line":31,"column":14},"end":{"line":31,"column":58}},"type":"cond-expr","locations":[{"start":{"line":31,"column":37},"end":{"line":31,"column":46}},{"start":{"line":31,"column":49},"end":{"line":31,"column":58}}],"line":31}},"s":{"0":1,"1":1,"2":1,"3":1,"4":1,"5":1},"f":{"0":1,"1":1,"2":1,"3":0},"b":{"0":[1,0],"1":[1,0],"2":[1,0],"3":[1,0],"4":[1,0]},"_coverageSchema":"332fd63041d2c1bcb487cc26dd0d5f7d97098a6c","hash":"c408d9486c284e8524f3e5382cde6d7193814c08"}
,"/Users/nagamiya/localrepos/github.com/ngmy/reactbook/whinepad3/js/source/components/Excel.js": {"path":"/Users/nagamiya/localrepos/github.com/ngmy/reactbook/whinepad3/js/source/components/Excel.js","statementMap":{"0":{"start":{"line":43,"column":4},"end":{"line":43,"column":17}},"1":{"start":{"line":44,"column":4},"end":{"line":50,"column":6}},"2":{"start":{"line":51,"column":4},"end":{"line":51,"column":40}},"3":{"start":{"line":52,"column":4},"end":{"line":56,"column":7}},"4":{"start":{"line":53,"column":6},"end":{"line":55,"column":9}},"5":{"start":{"line":60,"column":4},"end":{"line":60,"column":49}},"6":{"start":{"line":64,"column":23},"end":{"line":64,"column":74}},"7":{"start":{"line":65,"column":4},"end":{"line":65,"column":38}},"8":{"start":{"line":66,"column":4},"end":{"line":69,"column":7}},"9":{"start":{"line":73,"column":20},"end":{"line":73,"column":48}},"10":{"start":{"line":74,"column":4},"end":{"line":77,"column":8}},"11":{"start":{"line":81,"column":4},"end":{"line":81,"column":23}},"12":{"start":{"line":82,"column":18},"end":{"line":82,"column":44}},"13":{"start":{"line":83,"column":15},"end":{"line":83,"column":42}},"14":{"start":{"line":84,"column":4},"end":{"line":84,"column":48}},"15":{"start":{"line":85,"column":4},"end":{"line":85,"column":59}},"16":{"start":{"line":86,"column":4},"end":{"line":89,"column":7}},"17":{"start":{"line":93,"column":4},"end":{"line":93,"column":57}},"18":{"start":{"line":97,"column":4},"end":{"line":100,"column":5}},"19":{"start":{"line":98,"column":6},"end":{"line":98,"column":26}},"20":{"start":{"line":99,"column":6},"end":{"line":99,"column":13}},"21":{"start":{"line":101,"column":18},"end":{"line":101,"column":66}},"22":{"start":{"line":102,"column":4},"end":{"line":102,"column":60}},"23":{"start":{"line":103,"column":15},"end":{"line":103,"column":42}},"24":{"start":{"line":104,"column":4},"end":{"line":104,"column":26}},"25":{"start":{"line":105,"column":4},"end":{"line":108,"column":7}},"26":{"start":{"line":112,"column":4},"end":{"line":112,"column":34}},"27":{"start":{"line":116,"column":4},"end":{"line":119,"column":5}},"28":{"start":{"line":117,"column":6},"end":{"line":117,"column":26}},"29":{"start":{"line":118,"column":6},"end":{"line":118,"column":13}},"30":{"start":{"line":120,"column":18},"end":{"line":120,"column":66}},"31":{"start":{"line":121,"column":4},"end":{"line":121,"column":60}},"32":{"start":{"line":122,"column":15},"end":{"line":122,"column":42}},"33":{"start":{"line":123,"column":4},"end":{"line":123,"column":43}},"34":{"start":{"line":124,"column":4},"end":{"line":127,"column":7}},"35":{"start":{"line":131,"column":4},"end":{"line":136,"column":6}},"36":{"start":{"line":140,"column":4},"end":{"line":142,"column":5}},"37":{"start":{"line":141,"column":6},"end":{"line":141,"column":18}},"38":{"start":{"line":143,"column":4},"end":{"line":152,"column":5}},"39":{"start":{"line":145,"column":8},"end":{"line":145,"column":42}},"40":{"start":{"line":147,"column":8},"end":{"line":147,"column":44}},"41":{"start":{"line":149,"column":8},"end":{"line":149,"column":40}},"42":{"start":{"line":151,"column":8},"end":{"line":151,"column":62}},"43":{"start":{"line":156,"column":18},"end":{"line":156,"column":66}},"44":{"start":{"line":157,"column":4},"end":{"line":157,"column":60}},"45":{"start":{"line":158,"column":18},"end":{"line":158,"column":40}},"46":{"start":{"line":159,"column":22},"end":{"line":159,"column":50}},"47":{"start":{"line":160,"column":4},"end":{"line":169,"column":6}},"48":{"start":{"line":173,"column":18},"end":{"line":173,"column":66}},"49":{"start":{"line":174,"column":4},"end":{"line":174,"column":60}},"50":{"start":{"line":175,"column":4},"end":{"line":188,"column":5}},"51":{"start":{"line":192,"column":4},"end":{"line":266,"column":6}},"52":{"start":{"line":197,"column":14},"end":{"line":199,"column":15}},"53":{"start":{"line":198,"column":16},"end":{"line":198,"column":28}},"54":{"start":{"line":200,"column":26},"end":{"line":200,"column":36}},"55":{"start":{"line":201,"column":14},"end":{"line":203,"column":15}},"56":{"start":{"line":202,"column":16},"end":{"line":202,"column":71}},"57":{"start":{"line":204,"column":14},"end":{"line":212,"column":16}},"58":{"start":{"line":219,"column":12},"end":{"line":262,"column":14}},"59":{"start":{"line":222,"column":33},"end":{"line":222,"column":49}},"60":{"start":{"line":223,"column":18},"end":{"line":225,"column":19}},"61":{"start":{"line":224,"column":20},"end":{"line":224,"column":32}},"62":{"start":{"line":226,"column":35},"end":{"line":226,"column":59}},"63":{"start":{"line":227,"column":31},"end":{"line":227,"column":46}},"64":{"start":{"line":228,"column":32},"end":{"line":228,"column":41}},"65":{"start":{"line":229,"column":18},"end":{"line":240,"column":19}},"66":{"start":{"line":231,"column":20},"end":{"line":236,"column":22}},"67":{"start":{"line":237,"column":25},"end":{"line":240,"column":19}},"68":{"start":{"line":238,"column":20},"end":{"line":239,"column":56}},"69":{"start":{"line":241,"column":18},"end":{"line":256,"column":20}}},"fnMap":{"0":{"name":"(anonymous_0)","decl":{"start":{"line":42,"column":2},"end":{"line":42,"column":3}},"loc":{"start":{"line":42,"column":28},"end":{"line":57,"column":3}},"line":42},"1":{"name":"(anonymous_1)","decl":{"start":{"line":52,"column":36},"end":{"line":52,"column":37}},"loc":{"start":{"line":52,"column":42},"end":{"line":56,"column":5}},"line":52},"2":{"name":"(anonymous_2)","decl":{"start":{"line":59,"column":2},"end":{"line":59,"column":3}},"loc":{"start":{"line":59,"column":46},"end":{"line":61,"column":3}},"line":59},"3":{"name":"(anonymous_3)","decl":{"start":{"line":63,"column":2},"end":{"line":63,"column":3}},"loc":{"start":{"line":63,"column":21},"end":{"line":70,"column":3}},"line":63},"4":{"name":"(anonymous_4)","decl":{"start":{"line":72,"column":2},"end":{"line":72,"column":3}},"loc":{"start":{"line":72,"column":24},"end":{"line":78,"column":3}},"line":72},"5":{"name":"(anonymous_5)","decl":{"start":{"line":80,"column":2},"end":{"line":80,"column":3}},"loc":{"start":{"line":80,"column":18},"end":{"line":90,"column":3}},"line":80},"6":{"name":"(anonymous_6)","decl":{"start":{"line":92,"column":2},"end":{"line":92,"column":3}},"loc":{"start":{"line":92,"column":47},"end":{"line":94,"column":3}},"line":92},"7":{"name":"(anonymous_7)","decl":{"start":{"line":96,"column":2},"end":{"line":96,"column":3}},"loc":{"start":{"line":96,"column":43},"end":{"line":109,"column":3}},"line":96},"8":{"name":"(anonymous_8)","decl":{"start":{"line":111,"column":2},"end":{"line":111,"column":3}},"loc":{"start":{"line":111,"column":17},"end":{"line":113,"column":3}},"line":111},"9":{"name":"(anonymous_9)","decl":{"start":{"line":115,"column":2},"end":{"line":115,"column":3}},"loc":{"start":{"line":115,"column":34},"end":{"line":128,"column":3}},"line":115},"10":{"name":"(anonymous_10)","decl":{"start":{"line":130,"column":2},"end":{"line":130,"column":3}},"loc":{"start":{"line":130,"column":11},"end":{"line":137,"column":3}},"line":130},"11":{"name":"(anonymous_11)","decl":{"start":{"line":139,"column":2},"end":{"line":139,"column":3}},"loc":{"start":{"line":139,"column":18},"end":{"line":153,"column":3}},"line":139},"12":{"name":"(anonymous_12)","decl":{"start":{"line":155,"column":2},"end":{"line":155,"column":3}},"loc":{"start":{"line":155,"column":24},"end":{"line":170,"column":3}},"line":155},"13":{"name":"(anonymous_13)","decl":{"start":{"line":172,"column":2},"end":{"line":172,"column":3}},"loc":{"start":{"line":172,"column":40},"end":{"line":189,"column":3}},"line":172},"14":{"name":"(anonymous_14)","decl":{"start":{"line":191,"column":2},"end":{"line":191,"column":3}},"loc":{"start":{"line":191,"column":17},"end":{"line":267,"column":3}},"line":191},"15":{"name":"(anonymous_15)","decl":{"start":{"line":196,"column":29},"end":{"line":196,"column":30}},"loc":{"start":{"line":196,"column":37},"end":{"line":213,"column":13}},"line":196},"16":{"name":"(anonymous_16)","decl":{"start":{"line":218,"column":31},"end":{"line":218,"column":32}},"loc":{"start":{"line":218,"column":48},"end":{"line":263,"column":11}},"line":218},"17":{"name":"(anonymous_17)","decl":{"start":{"line":221,"column":37},"end":{"line":221,"column":38}},"loc":{"start":{"line":221,"column":52},"end":{"line":257,"column":17}},"line":221}},"branchMap":{"0":{"loc":{"start":{"line":64,"column":23},"end":{"line":64,"column":74}},"type":"binary-expr","locations":[{"start":{"line":64,"column":23},"end":{"line":64,"column":48}},{"start":{"line":64,"column":52},"end":{"line":64,"column":74}}],"line":64},"1":{"loc":{"start":{"line":97,"column":4},"end":{"line":100,"column":5}},"type":"if","locations":[{"start":{"line":97,"column":4},"end":{"line":100,"column":5}},{"start":{"line":97,"column":4},"end":{"line":100,"column":5}}],"line":97},"2":{"loc":{"start":{"line":101,"column":18},"end":{"line":101,"column":66}},"type":"cond-expr","locations":[{"start":{"line":101,"column":38},"end":{"line":101,"column":59}},{"start":{"line":101,"column":62},"end":{"line":101,"column":66}}],"line":101},"3":{"loc":{"start":{"line":116,"column":4},"end":{"line":119,"column":5}},"type":"if","locations":[{"start":{"line":116,"column":4},"end":{"line":119,"column":5}},{"start":{"line":116,"column":4},"end":{"line":119,"column":5}}],"line":116},"4":{"loc":{"start":{"line":120,"column":18},"end":{"line":120,"column":66}},"type":"cond-expr","locations":[{"start":{"line":120,"column":38},"end":{"line":120,"column":59}},{"start":{"line":120,"column":62},"end":{"line":120,"column":66}}],"line":120},"5":{"loc":{"start":{"line":140,"column":4},"end":{"line":142,"column":5}},"type":"if","locations":[{"start":{"line":140,"column":4},"end":{"line":142,"column":5}},{"start":{"line":140,"column":4},"end":{"line":142,"column":5}}],"line":140},"6":{"loc":{"start":{"line":143,"column":4},"end":{"line":152,"column":5}},"type":"switch","locations":[{"start":{"line":144,"column":4},"end":{"line":145,"column":42}},{"start":{"line":146,"column":4},"end":{"line":147,"column":44}},{"start":{"line":148,"column":4},"end":{"line":149,"column":40}},{"start":{"line":150,"column":4},"end":{"line":151,"column":62}}],"line":143},"7":{"loc":{"start":{"line":156,"column":18},"end":{"line":156,"column":66}},"type":"cond-expr","locations":[{"start":{"line":156,"column":38},"end":{"line":156,"column":59}},{"start":{"line":156,"column":62},"end":{"line":156,"column":66}}],"line":156},"8":{"loc":{"start":{"line":173,"column":18},"end":{"line":173,"column":66}},"type":"cond-expr","locations":[{"start":{"line":173,"column":38},"end":{"line":173,"column":59}},{"start":{"line":173,"column":62},"end":{"line":173,"column":66}}],"line":173},"9":{"loc":{"start":{"line":178,"column":16},"end":{"line":178,"column":44}},"type":"cond-expr","locations":[{"start":{"line":178,"column":27},"end":{"line":178,"column":34}},{"start":{"line":178,"column":37},"end":{"line":178,"column":44}}],"line":178},"10":{"loc":{"start":{"line":179,"column":22},"end":{"line":179,"column":44}},"type":"cond-expr","locations":[{"start":{"line":179,"column":33},"end":{"line":179,"column":37}},{"start":{"line":179,"column":40},"end":{"line":179,"column":44}}],"line":179},"11":{"loc":{"start":{"line":197,"column":14},"end":{"line":199,"column":15}},"type":"if","locations":[{"start":{"line":197,"column":14},"end":{"line":199,"column":15}},{"start":{"line":197,"column":14},"end":{"line":199,"column":15}}],"line":197},"12":{"loc":{"start":{"line":201,"column":14},"end":{"line":203,"column":15}},"type":"if","locations":[{"start":{"line":201,"column":14},"end":{"line":203,"column":15}},{"start":{"line":201,"column":14},"end":{"line":203,"column":15}}],"line":201},"13":{"loc":{"start":{"line":202,"column":25},"end":{"line":202,"column":70}},"type":"cond-expr","locations":[{"start":{"line":202,"column":49},"end":{"line":202,"column":58}},{"start":{"line":202,"column":61},"end":{"line":202,"column":70}}],"line":202},"14":{"loc":{"start":{"line":223,"column":18},"end":{"line":225,"column":19}},"type":"if","locations":[{"start":{"line":223,"column":18},"end":{"line":225,"column":19}},{"start":{"line":223,"column":18},"end":{"line":225,"column":19}}],"line":223},"15":{"loc":{"start":{"line":223,"column":22},"end":{"line":223,"column":45}},"type":"binary-expr","locations":[{"start":{"line":223,"column":22},"end":{"line":223,"column":29}},{"start":{"line":223,"column":33},"end":{"line":223,"column":45}}],"line":223},"16":{"loc":{"start":{"line":229,"column":18},"end":{"line":240,"column":19}},"type":"if","locations":[{"start":{"line":229,"column":18},"end":{"line":240,"column":19}},{"start":{"line":229,"column":18},"end":{"line":240,"column":19}}],"line":229},"17":{"loc":{"start":{"line":229,"column":22},"end":{"line":230,"column":68}},"type":"binary-expr","locations":[{"start":{"line":229,"column":22},"end":{"line":229,"column":31}},{"start":{"line":229,"column":35},"end":{"line":229,"column":39}},{"start":{"line":230,"column":23},"end":{"line":230,"column":42}},{"start":{"line":230,"column":46},"end":{"line":230,"column":68}}],"line":229},"18":{"loc":{"start":{"line":237,"column":25},"end":{"line":240,"column":19}},"type":"if","locations":[{"start":{"line":237,"column":25},"end":{"line":240,"column":19}},{"start":{"line":237,"column":25},"end":{"line":240,"column":19}}],"line":237},"19":{"loc":{"start":{"line":248,"column":43},"end":{"line":249,"column":50}},"type":"binary-expr","locations":[{"start":{"line":248,"column":43},"end":{"line":248,"column":66}},{"start":{"line":249,"column":26},"end":{"line":249,"column":50}}],"line":248}},"s":{"0":2,"1":2,"2":2,"3":2,"4":0,"5":0,"6":0,"7":0,"8":0,"9":1,"10":1,"11":1,"12":1,"13":1,"14":1,"15":1,"16":1,"17":1,"18":1,"19":0,"20":0,"21":1,"22":1,"23":1,"24":1,"25":1,"26":0,"27":0,"28":0,"29":0,"30":0,"31":0,"32":0,"33":0,"34":0,"35":6,"36":6,"37":5,"38":1,"39":1,"40":0,"41":0,"42":0,"43":1,"44":1,"45":1,"46":1,"47":1,"48":0,"49":0,"50":0,"51":6,"52":30,"53":6,"54":24,"55":24,"56":0,"57":24,"58":5,"59":25,"60":25,"61":5,"62":20,"63":20,"64":20,"65":20,"66":1,"67":19,"68":5,"69":20},"f":{"0":2,"1":0,"2":0,"3":0,"4":1,"5":1,"6":1,"7":1,"8":0,"9":0,"10":6,"11":6,"12":1,"13":0,"14":6,"15":30,"16":5,"17":25},"b":{"0":[0,0],"1":[0,1],"2":[1,0],"3":[0,0],"4":[0,0],"5":[5,1],"6":[1,0,0,0],"7":[1,0],"8":[0,0],"9":[0,0],"10":[0,0],"11":[6,24],"12":[0,24],"13":[0,0],"14":[5,20],"15":[25,25],"16":[1,19],"17":[20,15,3,3],"18":[5,14],"19":[20,10]},"_coverageSchema":"332fd63041d2c1bcb487cc26dd0d5f7d97098a6c","hash":"8d2d9583b33b434f93f579daf1136e5366d70ca9"}
,"/Users/nagamiya/localrepos/github.com/ngmy/reactbook/whinepad3/js/source/components/Form.js": {"path":"/Users/nagamiya/localrepos/github.com/ngmy/reactbook/whinepad3/js/source/components/Form.js","statementMap":{"0":{"start":{"line":21,"column":4},"end":{"line":21,"column":17}},"1":{"start":{"line":22,"column":4},"end":{"line":22,"column":40}},"2":{"start":{"line":23,"column":4},"end":{"line":25,"column":5}},"3":{"start":{"line":24,"column":6},"end":{"line":24,"column":66}},"4":{"start":{"line":29,"column":15},"end":{"line":29,"column":17}},"5":{"start":{"line":30,"column":4},"end":{"line":32,"column":6}},"6":{"start":{"line":31,"column":6},"end":{"line":31,"column":53}},"7":{"start":{"line":33,"column":4},"end":{"line":33,"column":16}},"8":{"start":{"line":37,"column":4},"end":{"line":62,"column":6}},"9":{"start":{"line":39,"column":47},"end":{"line":39,"column":99}},"10":{"start":{"line":40,"column":8},"end":{"line":47,"column":9}},"11":{"start":{"line":41,"column":10},"end":{"line":46,"column":12}},"12":{"start":{"line":48,"column":8},"end":{"line":50,"column":9}},"13":{"start":{"line":49,"column":10},"end":{"line":49,"column":22}},"14":{"start":{"line":51,"column":8},"end":{"line":60,"column":10}}},"fnMap":{"0":{"name":"(anonymous_0)","decl":{"start":{"line":20,"column":2},"end":{"line":20,"column":3}},"loc":{"start":{"line":20,"column":28},"end":{"line":26,"column":3}},"line":20},"1":{"name":"(anonymous_1)","decl":{"start":{"line":28,"column":2},"end":{"line":28,"column":3}},"loc":{"start":{"line":28,"column":12},"end":{"line":34,"column":3}},"line":28},"2":{"name":"(anonymous_2)","decl":{"start":{"line":30,"column":24},"end":{"line":30,"column":25}},"loc":{"start":{"line":31,"column":6},"end":{"line":31,"column":53}},"line":31},"3":{"name":"(anonymous_3)","decl":{"start":{"line":36,"column":2},"end":{"line":36,"column":3}},"loc":{"start":{"line":36,"column":11},"end":{"line":63,"column":3}},"line":36},"4":{"name":"(anonymous_4)","decl":{"start":{"line":38,"column":46},"end":{"line":38,"column":47}},"loc":{"start":{"line":38,"column":55},"end":{"line":61,"column":7}},"line":38}},"branchMap":{"0":{"loc":{"start":{"line":23,"column":4},"end":{"line":25,"column":5}},"type":"if","locations":[{"start":{"line":23,"column":4},"end":{"line":25,"column":5}},{"start":{"line":23,"column":4},"end":{"line":25,"column":5}}],"line":23},"1":{"loc":{"start":{"line":23,"column":8},"end":{"line":23,"column":55}},"type":"binary-expr","locations":[{"start":{"line":23,"column":8},"end":{"line":23,"column":32}},{"start":{"line":23,"column":36},"end":{"line":23,"column":55}}],"line":23},"2":{"loc":{"start":{"line":39,"column":47},"end":{"line":39,"column":99}},"type":"binary-expr","locations":[{"start":{"line":39,"column":47},"end":{"line":39,"column":63}},{"start":{"line":39,"column":67},"end":{"line":39,"column":93}},{"start":{"line":39,"column":97},"end":{"line":39,"column":99}}],"line":39},"3":{"loc":{"start":{"line":40,"column":8},"end":{"line":47,"column":9}},"type":"if","locations":[{"start":{"line":40,"column":8},"end":{"line":47,"column":9}},{"start":{"line":40,"column":8},"end":{"line":47,"column":9}}],"line":40},"4":{"loc":{"start":{"line":48,"column":8},"end":{"line":50,"column":9}},"type":"if","locations":[{"start":{"line":48,"column":8},"end":{"line":50,"column":9}},{"start":{"line":48,"column":8},"end":{"line":50,"column":9}}],"line":48},"5":{"loc":{"start":{"line":55,"column":14},"end":{"line":57,"column":40}},"type":"cond-expr","locations":[{"start":{"line":56,"column":18},"end":{"line":56,"column":83}},{"start":{"line":57,"column":18},"end":{"line":57,"column":40}}],"line":55}},"s":{"0":0,"1":0,"2":0,"3":0,"4":0,"5":0,"6":0,"7":0,"8":0,"9":0,"10":0,"11":0,"12":0,"13":0,"14":0},"f":{"0":0,"1":0,"2":0,"3":0,"4":0},"b":{"0":[0,0],"1":[0,0],"2":[0,0,0],"3":[0,0],"4":[0,0],"5":[0,0]},"_coverageSchema":"332fd63041d2c1bcb487cc26dd0d5f7d97098a6c","hash":"b6365a7a204d38c3e1d6802408b80116a2b2a4dc"}
,"/Users/nagamiya/localrepos/github.com/ngmy/reactbook/whinepad3/js/source/components/FormInput.js": {"path":"/Users/nagamiya/localrepos/github.com/ngmy/reactbook/whinepad3/js/source/components/FormInput.js","statementMap":{"0":{"start":{"line":22,"column":4},"end":{"line":24,"column":35}},"1":{"start":{"line":28,"column":27},"end":{"line":32,"column":5}},"2":{"start":{"line":34,"column":4},"end":{"line":54,"column":5}},"3":{"start":{"line":36,"column":6},"end":{"line":41,"column":8}},"4":{"start":{"line":43,"column":6},"end":{"line":43,"column":66}},"5":{"start":{"line":45,"column":6},"end":{"line":49,"column":8}},"6":{"start":{"line":51,"column":6},"end":{"line":51,"column":38}},"7":{"start":{"line":53,"column":6},"end":{"line":53,"column":47}}},"fnMap":{"0":{"name":"(anonymous_0)","decl":{"start":{"line":21,"column":2},"end":{"line":21,"column":3}},"loc":{"start":{"line":21,"column":34},"end":{"line":25,"column":3}},"line":21},"1":{"name":"(anonymous_1)","decl":{"start":{"line":27,"column":2},"end":{"line":27,"column":3}},"loc":{"start":{"line":27,"column":11},"end":{"line":56,"column":3}},"line":27}},"branchMap":{"0":{"loc":{"start":{"line":22,"column":11},"end":{"line":24,"column":34}},"type":"cond-expr","locations":[{"start":{"line":23,"column":8},"end":{"line":23,"column":29}},{"start":{"line":24,"column":8},"end":{"line":24,"column":34}}],"line":22},"1":{"loc":{"start":{"line":34,"column":4},"end":{"line":54,"column":5}},"type":"switch","locations":[{"start":{"line":35,"column":4},"end":{"line":41,"column":8}},{"start":{"line":42,"column":4},"end":{"line":43,"column":66}},{"start":{"line":44,"column":4},"end":{"line":49,"column":8}},{"start":{"line":50,"column":4},"end":{"line":51,"column":38}},{"start":{"line":52,"column":4},"end":{"line":53,"column":47}}],"line":34},"2":{"loc":{"start":{"line":40,"column":24},"end":{"line":40,"column":75}},"type":"binary-expr","locations":[{"start":{"line":40,"column":24},"end":{"line":40,"column":47}},{"start":{"line":40,"column":51},"end":{"line":40,"column":75}}],"line":40}},"s":{"0":3,"1":3,"2":3,"3":1,"4":0,"5":1,"6":0,"7":1},"f":{"0":3,"1":3},"b":{"0":[2,1],"1":[1,0,1,0,1],"2":[1,1]},"_coverageSchema":"332fd63041d2c1bcb487cc26dd0d5f7d97098a6c","hash":"3fc145e96e2a847cbcf3445b8ccec759aaeac56f"}
,"/Users/nagamiya/localrepos/github.com/ngmy/reactbook/whinepad3/js/source/components/Rating.js": {"path":"/Users/nagamiya/localrepos/github.com/ngmy/reactbook/whinepad3/js/source/components/Rating.js","statementMap":{"0":{"start":{"line":28,"column":4},"end":{"line":28,"column":17}},"1":{"start":{"line":29,"column":4},"end":{"line":32,"column":5}},"2":{"start":{"line":36,"column":4},"end":{"line":36,"column":29}},"3":{"start":{"line":40,"column":4},"end":{"line":40,"column":39}},"4":{"start":{"line":44,"column":4},"end":{"line":47,"column":7}},"5":{"start":{"line":51,"column":4},"end":{"line":51,"column":36}},"6":{"start":{"line":55,"column":4},"end":{"line":55,"column":43}},"7":{"start":{"line":59,"column":18},"end":{"line":59,"column":20}},"8":{"start":{"line":60,"column":4},"end":{"line":70,"column":5}},"9":{"start":{"line":61,"column":6},"end":{"line":69,"column":17}},"10":{"start":{"line":71,"column":4},"end":{"line":88,"column":6}}},"fnMap":{"0":{"name":"(anonymous_0)","decl":{"start":{"line":27,"column":2},"end":{"line":27,"column":3}},"loc":{"start":{"line":27,"column":28},"end":{"line":33,"column":3}},"line":27},"1":{"name":"(anonymous_1)","decl":{"start":{"line":35,"column":2},"end":{"line":35,"column":3}},"loc":{"start":{"line":35,"column":13},"end":{"line":37,"column":3}},"line":35},"2":{"name":"(anonymous_2)","decl":{"start":{"line":39,"column":2},"end":{"line":39,"column":3}},"loc":{"start":{"line":39,"column":26},"end":{"line":41,"column":3}},"line":39},"3":{"name":"(anonymous_3)","decl":{"start":{"line":43,"column":2},"end":{"line":43,"column":3}},"loc":{"start":{"line":43,"column":28},"end":{"line":48,"column":3}},"line":43},"4":{"name":"(anonymous_4)","decl":{"start":{"line":50,"column":2},"end":{"line":50,"column":3}},"loc":{"start":{"line":50,"column":10},"end":{"line":52,"column":3}},"line":50},"5":{"name":"(anonymous_5)","decl":{"start":{"line":54,"column":2},"end":{"line":54,"column":3}},"loc":{"start":{"line":54,"column":46},"end":{"line":56,"column":3}},"line":54},"6":{"name":"(anonymous_6)","decl":{"start":{"line":58,"column":2},"end":{"line":58,"column":3}},"loc":{"start":{"line":58,"column":11},"end":{"line":89,"column":3}},"line":58}},"branchMap":{"0":{"loc":{"start":{"line":63,"column":21},"end":{"line":63,"column":66}},"type":"cond-expr","locations":[{"start":{"line":63,"column":49},"end":{"line":63,"column":59}},{"start":{"line":63,"column":62},"end":{"line":63,"column":66}}],"line":63},"1":{"loc":{"start":{"line":65,"column":19},"end":{"line":65,"column":71}},"type":"binary-expr","locations":[{"start":{"line":65,"column":19},"end":{"line":65,"column":39}},{"start":{"line":65,"column":43},"end":{"line":65,"column":71}}],"line":65},"2":{"loc":{"start":{"line":66,"column":23},"end":{"line":66,"column":73}},"type":"binary-expr","locations":[{"start":{"line":66,"column":23},"end":{"line":66,"column":43}},{"start":{"line":66,"column":47},"end":{"line":66,"column":73}}],"line":66},"3":{"loc":{"start":{"line":80,"column":9},"end":{"line":85,"column":40}},"type":"cond-expr","locations":[{"start":{"line":81,"column":12},"end":{"line":81,"column":16}},{"start":{"line":82,"column":12},"end":{"line":85,"column":40}}],"line":80},"4":{"loc":{"start":{"line":80,"column":9},"end":{"line":80,"column":46}},"type":"binary-expr","locations":[{"start":{"line":80,"column":9},"end":{"line":80,"column":28}},{"start":{"line":80,"column":32},"end":{"line":80,"column":46}}],"line":80}},"s":{"0":4,"1":4,"2":2,"3":2,"4":4,"5":1,"6":3,"7":10,"8":10,"9":50,"10":10},"f":{"0":4,"1":2,"2":2,"3":4,"4":1,"5":3,"6":10},"b":{"0":[26,24],"1":[50,25],"2":[50,25],"3":[10,0],"4":[10,5]},"_coverageSchema":"332fd63041d2c1bcb487cc26dd0d5f7d97098a6c","hash":"56411b52c3725ad08fff575ef7babe80db295577"}
,"/Users/nagamiya/localrepos/github.com/ngmy/reactbook/whinepad3/js/source/components/Suggest.js": {"path":"/Users/nagamiya/localrepos/github.com/ngmy/reactbook/whinepad3/js/source/components/Suggest.js","statementMap":{"0":{"start":{"line":5,"column":4},"end":{"line":5,"column":41}},"1":{"start":{"line":9,"column":21},"end":{"line":9,"column":60}},"2":{"start":{"line":10,"column":4},"end":{"line":23,"column":6}},"3":{"start":{"line":19,"column":12},"end":{"line":19,"column":45}},"4":{"start":{"line":27,"column":0},"end":{"line":29,"column":2}}},"fnMap":{"0":{"name":"(anonymous_0)","decl":{"start":{"line":4,"column":2},"end":{"line":4,"column":3}},"loc":{"start":{"line":4,"column":13},"end":{"line":6,"column":3}},"line":4},"1":{"name":"(anonymous_1)","decl":{"start":{"line":8,"column":2},"end":{"line":8,"column":3}},"loc":{"start":{"line":8,"column":11},"end":{"line":24,"column":3}},"line":8},"2":{"name":"(anonymous_2)","decl":{"start":{"line":18,"column":33},"end":{"line":18,"column":34}},"loc":{"start":{"line":19,"column":12},"end":{"line":19,"column":45}},"line":19}},"branchMap":{},"s":{"0":0,"1":0,"2":0,"3":0,"4":2},"f":{"0":0,"1":0,"2":0},"b":{},"_coverageSchema":"332fd63041d2c1bcb487cc26dd0d5f7d97098a6c","hash":"ff72508f9312ecc4596f499963744f9b6c18502f"}
,"/Users/nagamiya/localrepos/github.com/ngmy/reactbook/whinepad3/js/source/flux/CRUDActions.js": {"path":"/Users/nagamiya/localrepos/github.com/ngmy/reactbook/whinepad3/js/source/flux/CRUDActions.js","statementMap":{"0":{"start":{"line":5,"column":20},"end":{"line":75,"column":1}},"1":{"start":{"line":9,"column":4},"end":{"line":9,"column":46}},"2":{"start":{"line":13,"column":4},"end":{"line":13,"column":43}},"3":{"start":{"line":17,"column":20},"end":{"line":17,"column":53}},"4":{"start":{"line":18,"column":27},"end":{"line":18,"column":53}},"5":{"start":{"line":19,"column":4},"end":{"line":22,"column":5}},"6":{"start":{"line":20,"column":6},"end":{"line":20,"column":45}},"7":{"start":{"line":21,"column":6},"end":{"line":21,"column":13}},"8":{"start":{"line":23,"column":19},"end":{"line":23,"column":61}},"9":{"start":{"line":23,"column":53},"end":{"line":23,"column":60}},"10":{"start":{"line":24,"column":23},"end":{"line":31,"column":6}},"11":{"start":{"line":25,"column":6},"end":{"line":29,"column":7}},"12":{"start":{"line":26,"column":8},"end":{"line":28,"column":9}},"13":{"start":{"line":27,"column":10},"end":{"line":27,"column":22}},"14":{"start":{"line":30,"column":6},"end":{"line":30,"column":19}},"15":{"start":{"line":32,"column":4},"end":{"line":32,"column":41}},"16":{"start":{"line":36,"column":22},"end":{"line":36,"column":23}},"17":{"start":{"line":37,"column":4},"end":{"line":41,"column":5}},"18":{"start":{"line":38,"column":6},"end":{"line":38,"column":18}},"19":{"start":{"line":40,"column":6},"end":{"line":40,"column":47}},"20":{"start":{"line":42,"column":4},"end":{"line":42,"column":39}},"21":{"start":{"line":47,"column":4},"end":{"line":49,"column":7}},"22":{"start":{"line":48,"column":16},"end":{"line":48,"column":62}},"23":{"start":{"line":53,"column":15},"end":{"line":53,"column":34}},"24":{"start":{"line":54,"column":4},"end":{"line":54,"column":28}},"25":{"start":{"line":55,"column":4},"end":{"line":55,"column":28}},"26":{"start":{"line":59,"column":15},"end":{"line":59,"column":34}},"27":{"start":{"line":60,"column":4},"end":{"line":60,"column":29}},"28":{"start":{"line":61,"column":4},"end":{"line":61,"column":28}},"29":{"start":{"line":65,"column":15},"end":{"line":65,"column":34}},"30":{"start":{"line":66,"column":4},"end":{"line":66,"column":31}},"31":{"start":{"line":67,"column":4},"end":{"line":67,"column":28}},"32":{"start":{"line":71,"column":15},"end":{"line":71,"column":34}},"33":{"start":{"line":72,"column":4},"end":{"line":72,"column":32}},"34":{"start":{"line":73,"column":4},"end":{"line":73,"column":28}}},"fnMap":{"0":{"name":"(anonymous_0)","decl":{"start":{"line":23,"column":45},"end":{"line":23,"column":46}},"loc":{"start":{"line":23,"column":53},"end":{"line":23,"column":60}},"line":23},"1":{"name":"(anonymous_1)","decl":{"start":{"line":24,"column":50},"end":{"line":24,"column":51}},"loc":{"start":{"line":24,"column":57},"end":{"line":31,"column":5}},"line":24},"2":{"name":"(anonymous_2)","decl":{"start":{"line":48,"column":6},"end":{"line":48,"column":7}},"loc":{"start":{"line":48,"column":16},"end":{"line":48,"column":62}},"line":48}},"branchMap":{"0":{"loc":{"start":{"line":19,"column":4},"end":{"line":22,"column":5}},"type":"if","locations":[{"start":{"line":19,"column":4},"end":{"line":22,"column":5}},{"start":{"line":19,"column":4},"end":{"line":22,"column":5}}],"line":19},"1":{"loc":{"start":{"line":26,"column":8},"end":{"line":28,"column":9}},"type":"if","locations":[{"start":{"line":26,"column":8},"end":{"line":28,"column":9}},{"start":{"line":26,"column":8},"end":{"line":28,"column":9}}],"line":26},"2":{"loc":{"start":{"line":37,"column":4},"end":{"line":41,"column":5}},"type":"if","locations":[{"start":{"line":37,"column":4},"end":{"line":41,"column":5}},{"start":{"line":37,"column":4},"end":{"line":41,"column":5}}],"line":37},"3":{"loc":{"start":{"line":37,"column":8},"end":{"line":37,"column":54}},"type":"binary-expr","locations":[{"start":{"line":37,"column":8},"end":{"line":37,"column":29}},{"start":{"line":37,"column":33},"end":{"line":37,"column":54}}],"line":37},"4":{"loc":{"start":{"line":42,"column":11},"end":{"line":42,"column":38}},"type":"cond-expr","locations":[{"start":{"line":42,"column":24},"end":{"line":42,"column":32}},{"start":{"line":42,"column":35},"end":{"line":42,"column":38}}],"line":42}},"s":{"0":1,"1":0,"2":0,"3":0,"4":0,"5":0,"6":0,"7":0,"8":0,"9":0,"10":0,"11":0,"12":0,"13":0,"14":0,"15":0,"16":0,"17":0,"18":0,"19":0,"20":0,"21":0,"22":0,"23":0,"24":0,"25":0,"26":0,"27":0,"28":0,"29":0,"30":0,"31":0,"32":0,"33":0,"34":0},"f":{"0":0,"1":0,"2":0},"b":{"0":[0,0],"1":[0,0],"2":[0,0],"3":[0,0],"4":[0,0]},"_coverageSchema":"332fd63041d2c1bcb487cc26dd0d5f7d97098a6c","hash":"4a1e108e24733df23e2d7bd9f2f2b36b48821df2"}
,"/Users/nagamiya/localrepos/github.com/ngmy/reactbook/whinepad3/js/source/flux/CRUDStore.js": {"path":"/Users/nagamiya/localrepos/github.com/ngmy/reactbook/whinepad3/js/source/flux/CRUDStore.js","statementMap":{"0":{"start":{"line":7,"column":16},"end":{"line":7,"column":34}},"1":{"start":{"line":9,"column":18},"end":{"line":50,"column":1}},"2":{"start":{"line":11,"column":4},"end":{"line":11,"column":27}},"3":{"start":{"line":12,"column":20},"end":{"line":14,"column":12}},"4":{"start":{"line":15,"column":4},"end":{"line":20,"column":5}},"5":{"start":{"line":16,"column":6},"end":{"line":16,"column":18}},"6":{"start":{"line":17,"column":6},"end":{"line":17,"column":61}},"7":{"start":{"line":17,"column":29},"end":{"line":17,"column":59}},"8":{"start":{"line":19,"column":6},"end":{"line":19,"column":33}},"9":{"start":{"line":24,"column":4},"end":{"line":24,"column":16}},"10":{"start":{"line":28,"column":4},"end":{"line":28,"column":18}},"11":{"start":{"line":32,"column":4},"end":{"line":32,"column":19}},"12":{"start":{"line":33,"column":4},"end":{"line":35,"column":5}},"13":{"start":{"line":34,"column":6},"end":{"line":34,"column":60}},"14":{"start":{"line":36,"column":4},"end":{"line":36,"column":27}},"15":{"start":{"line":40,"column":4},"end":{"line":40,"column":23}},"16":{"start":{"line":44,"column":4},"end":{"line":44,"column":52}},"17":{"start":{"line":48,"column":4},"end":{"line":48,"column":39}}},"fnMap":{"0":{"name":"(anonymous_0)","decl":{"start":{"line":17,"column":21},"end":{"line":17,"column":22}},"loc":{"start":{"line":17,"column":29},"end":{"line":17,"column":59}},"line":17}},"branchMap":{"0":{"loc":{"start":{"line":12,"column":20},"end":{"line":14,"column":12}},"type":"cond-expr","locations":[{"start":{"line":13,"column":8},"end":{"line":13,"column":36}},{"start":{"line":14,"column":8},"end":{"line":14,"column":12}}],"line":12},"1":{"loc":{"start":{"line":15,"column":4},"end":{"line":20,"column":5}},"type":"if","locations":[{"start":{"line":15,"column":4},"end":{"line":20,"column":5}},{"start":{"line":15,"column":4},"end":{"line":20,"column":5}}],"line":15},"2":{"loc":{"start":{"line":31,"column":34},"end":{"line":31,"column":56}},"type":"default-arg","locations":[{"start":{"line":31,"column":52},"end":{"line":31,"column":56}}],"line":31},"3":{"loc":{"start":{"line":33,"column":4},"end":{"line":35,"column":5}},"type":"if","locations":[{"start":{"line":33,"column":4},"end":{"line":35,"column":5}},{"start":{"line":33,"column":4},"end":{"line":35,"column":5}}],"line":33},"4":{"loc":{"start":{"line":33,"column":8},"end":{"line":33,"column":42}},"type":"binary-expr","locations":[{"start":{"line":33,"column":8},"end":{"line":33,"column":14}},{"start":{"line":33,"column":18},"end":{"line":33,"column":42}}],"line":33},"5":{"loc":{"start":{"line":44,"column":11},"end":{"line":44,"column":51}},"type":"cond-expr","locations":[{"start":{"line":44,"column":30},"end":{"line":44,"column":44}},{"start":{"line":44,"column":47},"end":{"line":44,"column":51}}],"line":44}},"s":{"0":1,"1":1,"2":1,"3":1,"4":1,"5":1,"6":1,"7":5,"8":0,"9":2,"10":2,"11":0,"12":0,"13":0,"14":0,"15":0,"16":0,"17":2},"f":{"0":5},"b":{"0":[0,1],"1":[1,0],"2":[0],"3":[0,0],"4":[0,0],"5":[0,0]},"_coverageSchema":"332fd63041d2c1bcb487cc26dd0d5f7d97098a6c","hash":"92922c0507adb5facf21baad04768e94becf6bc6"}
}
