TN:
SF:/Users/nagamiya/localrepos/github.com/ngmy/reactbook/whinepad2/js/source/classification.js
FNF:0
FNH:0
LF:0
LH:0
BRF:0
BRH:0
end_of_record
TN:
SF:/Users/nagamiya/localrepos/github.com/ngmy/reactbook/whinepad2/js/source/schema.js
FNF:0
FNH:0
LF:0
LH:0
BRF:0
BRH:0
end_of_record
TN:
SF:/Users/nagamiya/localrepos/github.com/ngmy/reactbook/whinepad2/js/source/components/Actions.js
FN:3,(anonymous_0)
FN:27,(anonymous_1)
FNF:2
FNH:1
FNDA:6,(anonymous_0)
FNDA:0,(anonymous_1)
DA:3,2
DA:4,6
DA:22,2
DA:26,2
LF:4
LH:4
BRF:0
BRH:0
end_of_record
TN:
SF:/Users/nagamiya/localrepos/github.com/ngmy/reactbook/whinepad2/js/source/components/Button.js
FN:11,(anonymous_0)
FNF:1
FNH:1
FNDA:4,(anonymous_0)
DA:11,2
DA:12,4
LF:2
LH:2
BRDA:12,0,0,1
BRDA:12,0,1,3
BRF:2
BRH:2
end_of_record
TN:
SF:/Users/nagamiya/localrepos/github.com/ngmy/reactbook/whinepad2/js/source/components/Dialog.js
FN:5,(anonymous_0)
FN:9,(anonymous_1)
FN:15,(anonymous_2)
FN:52,(anonymous_3)
FNF:4
FNH:3
FNDA:1,(anonymous_0)
FNDA:1,(anonymous_1)
FNDA:1,(anonymous_2)
FNDA:0,(anonymous_3)
DA:6,1
DA:10,1
DA:11,1
DA:16,1
DA:41,1
DA:49,1
LF:6
LH:6
BRDA:10,0,0,1
BRDA:10,0,1,0
BRDA:17,1,0,1
BRDA:17,1,1,0
BRDA:18,2,0,1
BRDA:18,2,1,0
BRDA:22,3,0,1
BRDA:22,3,1,0
BRDA:31,4,0,1
BRDA:31,4,1,0
BRF:10
BRH:5
end_of_record
TN:
SF:/Users/nagamiya/localrepos/github.com/ngmy/reactbook/whinepad2/js/source/components/Excel.js
FN:43,(anonymous_0)
FN:54,(anonymous_1)
FN:58,(anonymous_2)
FN:62,(anonymous_3)
FN:72,(anonymous_4)
FN:75,(anonymous_5)
FN:84,(anonymous_6)
FN:92,(anonymous_7)
FN:105,(anonymous_8)
FN:109,(anonymous_9)
FN:125,(anonymous_10)
FN:129,(anonymous_11)
FN:145,(anonymous_12)
FN:154,(anonymous_13)
FN:170,(anonymous_14)
FN:187,(anonymous_15)
FN:207,(anonymous_16)
FN:212,(anonymous_17)
FN:234,(anonymous_18)
FN:237,(anonymous_19)
FNF:20
FNH:13
FNDA:2,(anonymous_0)
FNDA:0,(anonymous_1)
FNDA:2,(anonymous_2)
FNDA:0,(anonymous_3)
FNDA:0,(anonymous_4)
FNDA:0,(anonymous_5)
FNDA:1,(anonymous_6)
FNDA:1,(anonymous_7)
FNDA:1,(anonymous_8)
FNDA:1,(anonymous_9)
FNDA:0,(anonymous_10)
FNDA:0,(anonymous_11)
FNDA:6,(anonymous_12)
FNDA:6,(anonymous_13)
FNDA:1,(anonymous_14)
FNDA:0,(anonymous_15)
FNDA:6,(anonymous_16)
FNDA:30,(anonymous_17)
FNDA:5,(anonymous_18)
FNDA:25,(anonymous_19)
DA:44,2
DA:45,2
DA:55,0
DA:59,2
DA:63,0
DA:64,0
DA:65,0
DA:67,0
DA:69,0
DA:73,0
DA:74,0
DA:75,0
DA:76,0
DA:81,0
DA:85,1
DA:86,1
DA:93,1
DA:94,1
DA:95,1
DA:96,1
DA:97,1
DA:98,1
DA:102,1
DA:106,1
DA:110,1
DA:111,0
DA:112,0
DA:114,1
DA:115,1
DA:116,1
DA:117,1
DA:118,1
DA:122,1
DA:126,0
DA:130,0
DA:131,0
DA:132,0
DA:134,0
DA:135,0
DA:136,0
DA:137,0
DA:138,0
DA:142,0
DA:146,6
DA:155,6
DA:156,5
DA:158,1
DA:160,1
DA:162,0
DA:164,0
DA:166,0
DA:171,1
DA:172,1
DA:173,1
DA:174,1
DA:175,1
DA:188,0
DA:189,0
DA:190,0
DA:208,6
DA:213,30
DA:214,6
DA:216,24
DA:217,24
DA:218,0
DA:220,24
DA:235,5
DA:238,25
DA:239,25
DA:240,5
DA:242,20
DA:243,20
DA:244,20
DA:245,20
DA:247,1
DA:253,19
DA:254,5
DA:257,20
DA:286,1
LF:79
LH:49
BRDA:64,0,0,0
BRDA:64,0,1,0
BRDA:64,1,0,0
BRDA:64,1,1,0
BRDA:69,2,0,0
BRDA:69,2,1,0
BRDA:74,3,0,0
BRDA:74,3,1,0
BRDA:110,4,0,0
BRDA:110,4,1,1
BRDA:114,5,0,1
BRDA:114,5,1,0
BRDA:130,6,0,0
BRDA:130,6,1,0
BRDA:134,7,0,0
BRDA:134,7,1,0
BRDA:155,8,0,5
BRDA:155,8,1,1
BRDA:158,9,0,1
BRDA:158,9,1,0
BRDA:158,9,2,0
BRDA:158,9,3,0
BRDA:171,10,0,1
BRDA:171,10,1,0
BRDA:188,11,0,0
BRDA:188,11,1,0
BRDA:193,12,0,0
BRDA:193,12,1,0
BRDA:194,13,0,0
BRDA:194,13,1,0
BRDA:213,14,0,6
BRDA:213,14,1,24
BRDA:217,15,0,0
BRDA:217,15,1,24
BRDA:218,16,0,0
BRDA:218,16,1,0
BRDA:239,17,0,5
BRDA:239,17,1,20
BRDA:239,18,0,25
BRDA:239,18,1,25
BRDA:245,19,0,1
BRDA:245,19,1,19
BRDA:245,20,0,20
BRDA:245,20,1,15
BRDA:245,20,2,3
BRDA:245,20,3,3
BRDA:253,21,0,5
BRDA:253,21,1,14
BRDA:264,22,0,20
BRDA:264,22,1,10
BRF:50
BRH:23
end_of_record
TN:
SF:/Users/nagamiya/localrepos/github.com/ngmy/reactbook/whinepad2/js/source/components/Form.js
FN:16,(anonymous_0)
FN:18,(anonymous_1)
FN:24,(anonymous_2)
FN:26,(anonymous_3)
FNF:4
FNH:0
FNDA:0,(anonymous_0)
FNDA:0,(anonymous_1)
FNDA:0,(anonymous_2)
FNDA:0,(anonymous_3)
DA:17,0
DA:18,0
DA:19,0
DA:21,0
DA:25,0
DA:27,0
DA:28,0
DA:29,0
DA:36,0
DA:37,0
DA:39,0
LF:11
LH:0
BRDA:27,0,0,0
BRDA:27,0,1,0
BRDA:27,0,2,0
BRDA:28,1,0,0
BRDA:28,1,1,0
BRDA:36,2,0,0
BRDA:36,2,1,0
BRDA:43,3,0,0
BRDA:43,3,1,0
BRF:9
BRH:0
end_of_record
TN:
SF:/Users/nagamiya/localrepos/github.com/ngmy/reactbook/whinepad2/js/source/components/FormInput.js
FN:21,(anonymous_0)
FN:27,(anonymous_1)
FNF:2
FNH:2
FNDA:3,(anonymous_0)
FNDA:3,(anonymous_1)
DA:22,3
DA:28,3
DA:34,3
DA:36,1
DA:43,0
DA:45,1
DA:51,0
DA:53,1
LF:8
LH:6
BRDA:22,0,0,2
BRDA:22,0,1,1
BRDA:34,1,0,1
BRDA:34,1,1,0
BRDA:34,1,2,1
BRDA:34,1,3,0
BRDA:34,1,4,1
BRDA:40,2,0,1
BRDA:40,2,1,1
BRF:9
BRH:7
end_of_record
TN:
SF:/Users/nagamiya/localrepos/github.com/ngmy/reactbook/whinepad2/js/source/components/Rating.js
FN:27,(anonymous_0)
FN:35,(anonymous_1)
FN:39,(anonymous_2)
FN:43,(anonymous_3)
FN:50,(anonymous_4)
FN:54,(anonymous_5)
FN:58,(anonymous_6)
FNF:7
FNH:7
FNDA:4,(anonymous_0)
FNDA:2,(anonymous_1)
FNDA:2,(anonymous_2)
FNDA:4,(anonymous_3)
FNDA:1,(anonymous_4)
FNDA:3,(anonymous_5)
FNDA:10,(anonymous_6)
DA:28,4
DA:29,4
DA:36,2
DA:40,2
DA:44,4
DA:51,1
DA:55,3
DA:59,10
DA:60,10
DA:61,50
DA:71,10
LF:11
LH:11
BRDA:63,0,0,26
BRDA:63,0,1,24
BRDA:65,1,0,50
BRDA:65,1,1,25
BRDA:66,2,0,50
BRDA:66,2,1,25
BRDA:80,3,0,10
BRDA:80,3,1,0
BRDA:80,4,0,10
BRDA:80,4,1,5
BRF:10
BRH:9
end_of_record
TN:
SF:/Users/nagamiya/localrepos/github.com/ngmy/reactbook/whinepad2/js/source/components/Suggest.js
FN:4,(anonymous_0)
FN:8,(anonymous_1)
FN:18,(anonymous_2)
FNF:3
FNH:0
FNDA:0,(anonymous_0)
FNDA:0,(anonymous_1)
FNDA:0,(anonymous_2)
DA:5,0
DA:9,0
DA:10,0
DA:19,0
DA:27,2
LF:5
LH:1
BRF:0
BRH:0
end_of_record
